{"/Users/lucadetenafelipe/Desktop/isdi coders/proyecto final/Felipe-LucaDeTena_Front-Final-Project-202201-MAD/src/components/footer/footer.tsx": {"path":"/Users/lucadetenafelipe/Desktop/isdi coders/proyecto final/Felipe-LucaDeTena_Front-Final-Project-202201-MAD/src/components/footer/footer.tsx","statementMap":{"0":{"start":{"line":13,"column":4},"end":{"line":61,"column":6}}},"fnMap":{"0":{"name":"Footer","decl":{"start":{"line":12,"column":9},"end":{"line":12,"column":15}},"loc":{"start":{"line":12,"column":18},"end":{"line":62,"column":1}},"line":12}},"branchMap":{},"s":{"0":1},"f":{"0":1},"b":{},"_coverageSchema":"1a1c01bbd47fc00a2c39e90264f33305004495a9","hash":"e5a2e81b10b73d3eacfc3bb035d2e38ab3d0b069"}
,"/Users/lucadetenafelipe/Desktop/isdi coders/proyecto final/Felipe-LucaDeTena_Front-Final-Project-202201-MAD/src/components/login/login.tsx": {"path":"/Users/lucadetenafelipe/Desktop/isdi coders/proyecto final/Felipe-LucaDeTena_Front-Final-Project-202201-MAD/src/components/login/login.tsx","statementMap":{"0":{"start":{"line":8,"column":30},"end":{"line":11,"column":6}},"1":{"start":{"line":13,"column":21},"end":{"line":13,"column":37}},"2":{"start":{"line":14,"column":21},"end":{"line":14,"column":34}},"3":{"start":{"line":15,"column":25},"end":{"line":19,"column":5}},"4":{"start":{"line":16,"column":8},"end":{"line":16,"column":28}},"5":{"start":{"line":17,"column":8},"end":{"line":17,"column":31}},"6":{"start":{"line":18,"column":8},"end":{"line":18,"column":29}},"7":{"start":{"line":21,"column":25},"end":{"line":23,"column":5}},"8":{"start":{"line":22,"column":8},"end":{"line":22,"column":59}},"9":{"start":{"line":25,"column":4},"end":{"line":105,"column":6}},"10":{"start":{"line":72,"column":46},"end":{"line":72,"column":71}},"11":{"start":{"line":82,"column":46},"end":{"line":82,"column":74}}},"fnMap":{"0":{"name":"LogIn","decl":{"start":{"line":7,"column":9},"end":{"line":7,"column":14}},"loc":{"start":{"line":7,"column":37},"end":{"line":106,"column":1}},"line":7},"1":{"name":"(anonymous_1)","decl":{"start":{"line":15,"column":25},"end":{"line":15,"column":26}},"loc":{"start":{"line":15,"column":44},"end":{"line":19,"column":5}},"line":15},"2":{"name":"(anonymous_2)","decl":{"start":{"line":21,"column":25},"end":{"line":21,"column":26}},"loc":{"start":{"line":21,"column":52},"end":{"line":23,"column":5}},"line":21},"3":{"name":"(anonymous_3)","decl":{"start":{"line":72,"column":38},"end":{"line":72,"column":39}},"loc":{"start":{"line":72,"column":46},"end":{"line":72,"column":71}},"line":72},"4":{"name":"(anonymous_4)","decl":{"start":{"line":82,"column":38},"end":{"line":82,"column":39}},"loc":{"start":{"line":82,"column":46},"end":{"line":82,"column":74}},"line":82}},"branchMap":{},"s":{"0":4,"1":4,"2":4,"3":4,"4":1,"5":1,"6":1,"7":4,"8":2,"9":4,"10":1,"11":1},"f":{"0":4,"1":1,"2":2,"3":1,"4":1},"b":{},"_coverageSchema":"1a1c01bbd47fc00a2c39e90264f33305004495a9","hash":"efcfa5c154a4975652c30a288835cf85be989be3"}
,"/Users/lucadetenafelipe/Desktop/isdi coders/proyecto final/Felipe-LucaDeTena_Front-Final-Project-202201-MAD/src/components/main/detail/detail.tsx": {"path":"/Users/lucadetenafelipe/Desktop/isdi coders/proyecto final/Felipe-LucaDeTena_Front-Final-Project-202201-MAD/src/components/main/detail/detail.tsx","statementMap":{"0":{"start":{"line":16,"column":22},"end":{"line":16,"column":79}},"1":{"start":{"line":16,"column":59},"end":{"line":16,"column":78}},"2":{"start":{"line":17,"column":40},"end":{"line":26,"column":6}},"3":{"start":{"line":27,"column":21},"end":{"line":27,"column":37}},"4":{"start":{"line":28,"column":19},"end":{"line":28,"column":30}},"5":{"start":{"line":30,"column":4},"end":{"line":34,"column":11}},"6":{"start":{"line":31,"column":8},"end":{"line":33,"column":11}},"7":{"start":{"line":32,"column":12},"end":{"line":32,"column":37}},"8":{"start":{"line":36,"column":30},"end":{"line":38,"column":5}},"9":{"start":{"line":37,"column":8},"end":{"line":37,"column":66}},"10":{"start":{"line":39,"column":32},"end":{"line":41,"column":5}},"11":{"start":{"line":40,"column":8},"end":{"line":40,"column":68}},"12":{"start":{"line":42,"column":33},"end":{"line":46,"column":5}},"13":{"start":{"line":43,"column":8},"end":{"line":45,"column":10}},"14":{"start":{"line":48,"column":4},"end":{"line":138,"column":6}},"15":{"start":{"line":69,"column":28},"end":{"line":69,"column":69}},"16":{"start":{"line":92,"column":32},"end":{"line":92,"column":52}},"17":{"start":{"line":112,"column":24},"end":{"line":133,"column":30}}},"fnMap":{"0":{"name":"Detail","decl":{"start":{"line":15,"column":9},"end":{"line":15,"column":15}},"loc":{"start":{"line":15,"column":18},"end":{"line":139,"column":1}},"line":15},"1":{"name":"(anonymous_1)","decl":{"start":{"line":16,"column":37},"end":{"line":16,"column":38}},"loc":{"start":{"line":16,"column":59},"end":{"line":16,"column":78}},"line":16},"2":{"name":"(anonymous_2)","decl":{"start":{"line":30,"column":14},"end":{"line":30,"column":15}},"loc":{"start":{"line":30,"column":20},"end":{"line":34,"column":5}},"line":30},"3":{"name":"(anonymous_3)","decl":{"start":{"line":31,"column":31},"end":{"line":31,"column":32}},"loc":{"start":{"line":31,"column":46},"end":{"line":33,"column":9}},"line":31},"4":{"name":"(anonymous_4)","decl":{"start":{"line":36,"column":30},"end":{"line":36,"column":31}},"loc":{"start":{"line":36,"column":42},"end":{"line":38,"column":5}},"line":36},"5":{"name":"(anonymous_5)","decl":{"start":{"line":39,"column":32},"end":{"line":39,"column":33}},"loc":{"start":{"line":39,"column":44},"end":{"line":41,"column":5}},"line":39},"6":{"name":"(anonymous_6)","decl":{"start":{"line":42,"column":33},"end":{"line":42,"column":34}},"loc":{"start":{"line":42,"column":45},"end":{"line":46,"column":5}},"line":42},"7":{"name":"(anonymous_7)","decl":{"start":{"line":68,"column":24},"end":{"line":68,"column":25}},"loc":{"start":{"line":69,"column":28},"end":{"line":69,"column":69}},"line":69},"8":{"name":"(anonymous_8)","decl":{"start":{"line":91,"column":28},"end":{"line":91,"column":29}},"loc":{"start":{"line":92,"column":32},"end":{"line":92,"column":52}},"line":92},"9":{"name":"(anonymous_9)","decl":{"start":{"line":111,"column":42},"end":{"line":111,"column":43}},"loc":{"start":{"line":112,"column":24},"end":{"line":133,"column":30}},"line":112}},"branchMap":{"0":{"loc":{"start":{"line":67,"column":21},"end":{"line":86,"column":21}},"type":"cond-expr","locations":[{"start":{"line":71,"column":24},"end":{"line":77,"column":33}},{"start":{"line":79,"column":24},"end":{"line":85,"column":33}}],"line":67}},"s":{"0":2,"1":2,"2":2,"3":2,"4":2,"5":2,"6":2,"7":0,"8":2,"9":0,"10":2,"11":0,"12":2,"13":0,"14":2,"15":0,"16":0,"17":0},"f":{"0":2,"1":2,"2":2,"3":0,"4":0,"5":0,"6":0,"7":0,"8":0,"9":0},"b":{"0":[0,2]},"_coverageSchema":"1a1c01bbd47fc00a2c39e90264f33305004495a9","hash":"b841f152183b7bf66918bb1c1563045167254c7b"}
,"/Users/lucadetenafelipe/Desktop/isdi coders/proyecto final/Felipe-LucaDeTena_Front-Final-Project-202201-MAD/src/components/main/feed/feed.tsx": {"path":"/Users/lucadetenafelipe/Desktop/isdi coders/proyecto final/Felipe-LucaDeTena_Front-Final-Project-202201-MAD/src/components/main/feed/feed.tsx","statementMap":{"0":{"start":{"line":13,"column":21},"end":{"line":13,"column":37}},"1":{"start":{"line":15,"column":28},"end":{"line":17,"column":5}},"2":{"start":{"line":16,"column":30},"end":{"line":16,"column":47}},"3":{"start":{"line":19,"column":4},"end":{"line":24,"column":11}},"4":{"start":{"line":20,"column":8},"end":{"line":23,"column":11}},"5":{"start":{"line":21,"column":12},"end":{"line":21,"column":48}},"6":{"start":{"line":22,"column":12},"end":{"line":22,"column":53}},"7":{"start":{"line":26,"column":4},"end":{"line":67,"column":6}},"8":{"start":{"line":39,"column":24},"end":{"line":62,"column":31}},"9":{"start":{"line":55,"column":48},"end":{"line":55,"column":68}}},"fnMap":{"0":{"name":"FeedComponent","decl":{"start":{"line":12,"column":9},"end":{"line":12,"column":22}},"loc":{"start":{"line":12,"column":25},"end":{"line":68,"column":1}},"line":12},"1":{"name":"(anonymous_1)","decl":{"start":{"line":16,"column":8},"end":{"line":16,"column":9}},"loc":{"start":{"line":16,"column":30},"end":{"line":16,"column":47}},"line":16},"2":{"name":"(anonymous_2)","decl":{"start":{"line":19,"column":14},"end":{"line":19,"column":15}},"loc":{"start":{"line":19,"column":20},"end":{"line":24,"column":5}},"line":19},"3":{"name":"(anonymous_3)","decl":{"start":{"line":20,"column":34},"end":{"line":20,"column":35}},"loc":{"start":{"line":20,"column":40},"end":{"line":23,"column":9}},"line":20},"4":{"name":"(anonymous_4)","decl":{"start":{"line":38,"column":20},"end":{"line":38,"column":21}},"loc":{"start":{"line":39,"column":24},"end":{"line":62,"column":31}},"line":39},"5":{"name":"(anonymous_5)","decl":{"start":{"line":54,"column":44},"end":{"line":54,"column":45}},"loc":{"start":{"line":55,"column":48},"end":{"line":55,"column":68}},"line":55}},"branchMap":{},"s":{"0":2,"1":2,"2":2,"3":2,"4":2,"5":0,"6":0,"7":2,"8":0,"9":0},"f":{"0":2,"1":2,"2":2,"3":0,"4":0,"5":0},"b":{},"_coverageSchema":"1a1c01bbd47fc00a2c39e90264f33305004495a9","hash":"074328042f7686324be4e7fc4c3f128cc76b5d9d"}
,"/Users/lucadetenafelipe/Desktop/isdi coders/proyecto final/Felipe-LucaDeTena_Front-Final-Project-202201-MAD/src/components/main/profile/follower.tsx": {"path":"/Users/lucadetenafelipe/Desktop/isdi coders/proyecto final/Felipe-LucaDeTena_Front-Final-Project-202201-MAD/src/components/main/profile/follower.tsx","statementMap":{"0":{"start":{"line":14,"column":22},"end":{"line":14,"column":79}},"1":{"start":{"line":14,"column":59},"end":{"line":14,"column":78}},"2":{"start":{"line":15,"column":23},"end":{"line":17,"column":5}},"3":{"start":{"line":16,"column":30},"end":{"line":16,"column":49}},"4":{"start":{"line":18,"column":21},"end":{"line":18,"column":37}},"5":{"start":{"line":20,"column":4},"end":{"line":22,"column":11}},"6":{"start":{"line":21,"column":8},"end":{"line":21,"column":38}},"7":{"start":{"line":24,"column":30},"end":{"line":26,"column":5}},"8":{"start":{"line":25,"column":8},"end":{"line":25,"column":56}},"9":{"start":{"line":27,"column":32},"end":{"line":29,"column":5}},"10":{"start":{"line":28,"column":8},"end":{"line":28,"column":58}},"11":{"start":{"line":30,"column":4},"end":{"line":73,"column":6}},"12":{"start":{"line":33,"column":31},"end":{"line":33,"column":54}},"13":{"start":{"line":42,"column":16},"end":{"line":70,"column":22}},"14":{"start":{"line":52,"column":39},"end":{"line":52,"column":60}}},"fnMap":{"0":{"name":"Followers","decl":{"start":{"line":13,"column":9},"end":{"line":13,"column":18}},"loc":{"start":{"line":13,"column":46},"end":{"line":74,"column":1}},"line":13},"1":{"name":"(anonymous_1)","decl":{"start":{"line":14,"column":37},"end":{"line":14,"column":38}},"loc":{"start":{"line":14,"column":59},"end":{"line":14,"column":78}},"line":14},"2":{"name":"(anonymous_2)","decl":{"start":{"line":16,"column":8},"end":{"line":16,"column":9}},"loc":{"start":{"line":16,"column":30},"end":{"line":16,"column":49}},"line":16},"3":{"name":"(anonymous_3)","decl":{"start":{"line":20,"column":14},"end":{"line":20,"column":15}},"loc":{"start":{"line":20,"column":20},"end":{"line":22,"column":5}},"line":20},"4":{"name":"(anonymous_4)","decl":{"start":{"line":24,"column":30},"end":{"line":24,"column":31}},"loc":{"start":{"line":24,"column":42},"end":{"line":26,"column":5}},"line":24},"5":{"name":"(anonymous_5)","decl":{"start":{"line":27,"column":32},"end":{"line":27,"column":33}},"loc":{"start":{"line":27,"column":44},"end":{"line":29,"column":5}},"line":27},"6":{"name":"(anonymous_6)","decl":{"start":{"line":33,"column":25},"end":{"line":33,"column":26}},"loc":{"start":{"line":33,"column":31},"end":{"line":33,"column":54}},"line":33},"7":{"name":"(anonymous_7)","decl":{"start":{"line":41,"column":37},"end":{"line":41,"column":38}},"loc":{"start":{"line":42,"column":16},"end":{"line":70,"column":22}},"line":42},"8":{"name":"(anonymous_8)","decl":{"start":{"line":52,"column":24},"end":{"line":52,"column":25}},"loc":{"start":{"line":52,"column":39},"end":{"line":52,"column":60}},"line":52}},"branchMap":{"0":{"loc":{"start":{"line":51,"column":21},"end":{"line":69,"column":21}},"type":"cond-expr","locations":[{"start":{"line":54,"column":24},"end":{"line":60,"column":33}},{"start":{"line":62,"column":24},"end":{"line":68,"column":33}}],"line":51}},"s":{"0":1,"1":1,"2":1,"3":1,"4":1,"5":1,"6":1,"7":1,"8":0,"9":1,"10":0,"11":1,"12":0,"13":0,"14":0},"f":{"0":1,"1":1,"2":1,"3":1,"4":0,"5":0,"6":0,"7":0,"8":0},"b":{"0":[0,0]},"_coverageSchema":"1a1c01bbd47fc00a2c39e90264f33305004495a9","hash":"eb5cbd37cf677359b1db770e058493b12527c35e"}
,"/Users/lucadetenafelipe/Desktop/isdi coders/proyecto final/Felipe-LucaDeTena_Front-Final-Project-202201-MAD/src/components/main/profile/following.tsx": {"path":"/Users/lucadetenafelipe/Desktop/isdi coders/proyecto final/Felipe-LucaDeTena_Front-Final-Project-202201-MAD/src/components/main/profile/following.tsx","statementMap":{"0":{"start":{"line":14,"column":21},"end":{"line":14,"column":37}},"1":{"start":{"line":15,"column":22},"end":{"line":15,"column":70}},"2":{"start":{"line":15,"column":59},"end":{"line":15,"column":69}},"3":{"start":{"line":16,"column":23},"end":{"line":18,"column":5}},"4":{"start":{"line":17,"column":30},"end":{"line":17,"column":49}},"5":{"start":{"line":20,"column":4},"end":{"line":22,"column":11}},"6":{"start":{"line":21,"column":8},"end":{"line":21,"column":38}},"7":{"start":{"line":24,"column":30},"end":{"line":26,"column":5}},"8":{"start":{"line":25,"column":8},"end":{"line":25,"column":56}},"9":{"start":{"line":27,"column":32},"end":{"line":29,"column":5}},"10":{"start":{"line":28,"column":8},"end":{"line":28,"column":58}},"11":{"start":{"line":31,"column":4},"end":{"line":77,"column":6}},"12":{"start":{"line":34,"column":31},"end":{"line":34,"column":55}},"13":{"start":{"line":43,"column":16},"end":{"line":74,"column":22}},"14":{"start":{"line":56,"column":39},"end":{"line":56,"column":60}}},"fnMap":{"0":{"name":"Following","decl":{"start":{"line":13,"column":9},"end":{"line":13,"column":18}},"loc":{"start":{"line":13,"column":47},"end":{"line":78,"column":1}},"line":13},"1":{"name":"(anonymous_1)","decl":{"start":{"line":15,"column":37},"end":{"line":15,"column":38}},"loc":{"start":{"line":15,"column":59},"end":{"line":15,"column":69}},"line":15},"2":{"name":"(anonymous_2)","decl":{"start":{"line":17,"column":8},"end":{"line":17,"column":9}},"loc":{"start":{"line":17,"column":30},"end":{"line":17,"column":49}},"line":17},"3":{"name":"(anonymous_3)","decl":{"start":{"line":20,"column":14},"end":{"line":20,"column":15}},"loc":{"start":{"line":20,"column":20},"end":{"line":22,"column":5}},"line":20},"4":{"name":"(anonymous_4)","decl":{"start":{"line":24,"column":30},"end":{"line":24,"column":31}},"loc":{"start":{"line":24,"column":42},"end":{"line":26,"column":5}},"line":24},"5":{"name":"(anonymous_5)","decl":{"start":{"line":27,"column":32},"end":{"line":27,"column":33}},"loc":{"start":{"line":27,"column":44},"end":{"line":29,"column":5}},"line":27},"6":{"name":"(anonymous_6)","decl":{"start":{"line":34,"column":25},"end":{"line":34,"column":26}},"loc":{"start":{"line":34,"column":31},"end":{"line":34,"column":55}},"line":34},"7":{"name":"(anonymous_7)","decl":{"start":{"line":42,"column":37},"end":{"line":42,"column":38}},"loc":{"start":{"line":43,"column":16},"end":{"line":74,"column":22}},"line":43},"8":{"name":"(anonymous_8)","decl":{"start":{"line":56,"column":24},"end":{"line":56,"column":25}},"loc":{"start":{"line":56,"column":39},"end":{"line":56,"column":60}},"line":56}},"branchMap":{"0":{"loc":{"start":{"line":55,"column":21},"end":{"line":73,"column":21}},"type":"cond-expr","locations":[{"start":{"line":58,"column":24},"end":{"line":64,"column":33}},{"start":{"line":66,"column":24},"end":{"line":72,"column":33}}],"line":55}},"s":{"0":1,"1":1,"2":1,"3":1,"4":1,"5":1,"6":1,"7":1,"8":0,"9":1,"10":0,"11":1,"12":0,"13":0,"14":0},"f":{"0":1,"1":1,"2":1,"3":1,"4":0,"5":0,"6":0,"7":0,"8":0},"b":{"0":[0,0]},"_coverageSchema":"1a1c01bbd47fc00a2c39e90264f33305004495a9","hash":"514e784378f72acdeb5a5af331e687f8358555a3"}
,"/Users/lucadetenafelipe/Desktop/isdi coders/proyecto final/Felipe-LucaDeTena_Front-Final-Project-202201-MAD/src/components/main/profile/form.tsx": {"path":"/Users/lucadetenafelipe/Desktop/isdi coders/proyecto final/Felipe-LucaDeTena_Front-Final-Project-202201-MAD/src/components/main/profile/form.tsx","statementMap":{"0":{"start":{"line":12,"column":30},"end":{"line":12,"column":54}},"1":{"start":{"line":14,"column":21},"end":{"line":14,"column":34}},"2":{"start":{"line":16,"column":22},"end":{"line":18,"column":5}},"3":{"start":{"line":17,"column":30},"end":{"line":17,"column":56}},"4":{"start":{"line":19,"column":30},"end":{"line":23,"column":5}},"5":{"start":{"line":20,"column":8},"end":{"line":22,"column":9}},"6":{"start":{"line":21,"column":12},"end":{"line":21,"column":40}},"7":{"start":{"line":25,"column":25},"end":{"line":46,"column":5}},"8":{"start":{"line":26,"column":8},"end":{"line":26,"column":27}},"9":{"start":{"line":27,"column":25},"end":{"line":27,"column":58}},"10":{"start":{"line":28,"column":8},"end":{"line":45,"column":15}},"11":{"start":{"line":30,"column":16},"end":{"line":40,"column":23}},"12":{"start":{"line":32,"column":24},"end":{"line":32,"column":55}},"13":{"start":{"line":33,"column":24},"end":{"line":33,"column":80}},"14":{"start":{"line":36,"column":24},"end":{"line":39,"column":26}},"15":{"start":{"line":41,"column":16},"end":{"line":41,"column":31}},"16":{"start":{"line":44,"column":16},"end":{"line":44,"column":43}},"17":{"start":{"line":47,"column":31},"end":{"line":68,"column":5}},"18":{"start":{"line":48,"column":8},"end":{"line":48,"column":27}},"19":{"start":{"line":49,"column":25},"end":{"line":49,"column":58}},"20":{"start":{"line":50,"column":8},"end":{"line":67,"column":15}},"21":{"start":{"line":52,"column":16},"end":{"line":62,"column":23}},"22":{"start":{"line":54,"column":24},"end":{"line":54,"column":55}},"23":{"start":{"line":55,"column":24},"end":{"line":55,"column":77}},"24":{"start":{"line":58,"column":24},"end":{"line":61,"column":26}},"25":{"start":{"line":63,"column":16},"end":{"line":63,"column":31}},"26":{"start":{"line":66,"column":16},"end":{"line":66,"column":43}},"27":{"start":{"line":70,"column":4},"end":{"line":142,"column":6}},"28":{"start":{"line":77,"column":35},"end":{"line":77,"column":56}}},"fnMap":{"0":{"name":"Form","decl":{"start":{"line":11,"column":9},"end":{"line":11,"column":13}},"loc":{"start":{"line":11,"column":39},"end":{"line":143,"column":1}},"line":11},"1":{"name":"(anonymous_1)","decl":{"start":{"line":17,"column":8},"end":{"line":17,"column":9}},"loc":{"start":{"line":17,"column":30},"end":{"line":17,"column":56}},"line":17},"2":{"name":"(anonymous_2)","decl":{"start":{"line":19,"column":30},"end":{"line":19,"column":31}},"loc":{"start":{"line":19,"column":42},"end":{"line":23,"column":5}},"line":19},"3":{"name":"(anonymous_3)","decl":{"start":{"line":25,"column":25},"end":{"line":25,"column":26}},"loc":{"start":{"line":25,"column":48},"end":{"line":46,"column":5}},"line":25},"4":{"name":"(anonymous_4)","decl":{"start":{"line":29,"column":18},"end":{"line":29,"column":19}},"loc":{"start":{"line":29,"column":24},"end":{"line":42,"column":13}},"line":29},"5":{"name":"(anonymous_5)","decl":{"start":{"line":31,"column":26},"end":{"line":31,"column":27}},"loc":{"start":{"line":31,"column":38},"end":{"line":34,"column":21}},"line":31},"6":{"name":"(anonymous_6)","decl":{"start":{"line":35,"column":27},"end":{"line":35,"column":28}},"loc":{"start":{"line":35,"column":38},"end":{"line":40,"column":21}},"line":35},"7":{"name":"(anonymous_7)","decl":{"start":{"line":43,"column":19},"end":{"line":43,"column":20}},"loc":{"start":{"line":43,"column":30},"end":{"line":45,"column":13}},"line":43},"8":{"name":"(anonymous_8)","decl":{"start":{"line":47,"column":31},"end":{"line":47,"column":32}},"loc":{"start":{"line":47,"column":54},"end":{"line":68,"column":5}},"line":47},"9":{"name":"(anonymous_9)","decl":{"start":{"line":51,"column":18},"end":{"line":51,"column":19}},"loc":{"start":{"line":51,"column":24},"end":{"line":64,"column":13}},"line":51},"10":{"name":"(anonymous_10)","decl":{"start":{"line":53,"column":26},"end":{"line":53,"column":27}},"loc":{"start":{"line":53,"column":38},"end":{"line":56,"column":21}},"line":53},"11":{"name":"(anonymous_11)","decl":{"start":{"line":57,"column":27},"end":{"line":57,"column":28}},"loc":{"start":{"line":57,"column":38},"end":{"line":62,"column":21}},"line":57},"12":{"name":"(anonymous_12)","decl":{"start":{"line":65,"column":19},"end":{"line":65,"column":20}},"loc":{"start":{"line":65,"column":30},"end":{"line":67,"column":13}},"line":65},"13":{"name":"(anonymous_13)","decl":{"start":{"line":77,"column":29},"end":{"line":77,"column":30}},"loc":{"start":{"line":77,"column":35},"end":{"line":77,"column":56}},"line":77}},"branchMap":{"0":{"loc":{"start":{"line":20,"column":8},"end":{"line":22,"column":9}},"type":"if","locations":[{"start":{"line":20,"column":8},"end":{"line":22,"column":9}},{"start":{},"end":{}}],"line":20}},"s":{"0":1,"1":1,"2":1,"3":1,"4":1,"5":0,"6":0,"7":1,"8":0,"9":0,"10":0,"11":0,"12":0,"13":0,"14":0,"15":0,"16":0,"17":1,"18":0,"19":0,"20":0,"21":0,"22":0,"23":0,"24":0,"25":0,"26":0,"27":1,"28":0},"f":{"0":1,"1":1,"2":0,"3":0,"4":0,"5":0,"6":0,"7":0,"8":0,"9":0,"10":0,"11":0,"12":0,"13":0},"b":{"0":[0,0]},"_coverageSchema":"1a1c01bbd47fc00a2c39e90264f33305004495a9","hash":"3d23e6105781cc9393d683baf855b4bb06b7bd2e"}
,"/Users/lucadetenafelipe/Desktop/isdi coders/proyecto final/Felipe-LucaDeTena_Front-Final-Project-202201-MAD/src/components/main/profile/header.tsx": {"path":"/Users/lucadetenafelipe/Desktop/isdi coders/proyecto final/Felipe-LucaDeTena_Front-Final-Project-202201-MAD/src/components/main/profile/header.tsx","statementMap":{"0":{"start":{"line":12,"column":21},"end":{"line":12,"column":37}},"1":{"start":{"line":13,"column":22},"end":{"line":13,"column":79}},"2":{"start":{"line":13,"column":59},"end":{"line":13,"column":78}},"3":{"start":{"line":14,"column":23},"end":{"line":14,"column":71}},"4":{"start":{"line":14,"column":60},"end":{"line":14,"column":70}},"5":{"start":{"line":16,"column":4},"end":{"line":18,"column":11}},"6":{"start":{"line":17,"column":8},"end":{"line":17,"column":38}},"7":{"start":{"line":20,"column":4},"end":{"line":100,"column":6}},"8":{"start":{"line":39,"column":43},"end":{"line":39,"column":63}},"9":{"start":{"line":61,"column":51},"end":{"line":61,"column":73}},"10":{"start":{"line":73,"column":51},"end":{"line":73,"column":74}},"11":{"start":{"line":87,"column":49},"end":{"line":87,"column":69}},"12":{"start":{"line":89,"column":24},"end":{"line":95,"column":30}}},"fnMap":{"0":{"name":"Header","decl":{"start":{"line":11,"column":9},"end":{"line":11,"column":15}},"loc":{"start":{"line":11,"column":78},"end":{"line":101,"column":1}},"line":11},"1":{"name":"(anonymous_1)","decl":{"start":{"line":13,"column":37},"end":{"line":13,"column":38}},"loc":{"start":{"line":13,"column":59},"end":{"line":13,"column":78}},"line":13},"2":{"name":"(anonymous_2)","decl":{"start":{"line":14,"column":38},"end":{"line":14,"column":39}},"loc":{"start":{"line":14,"column":60},"end":{"line":14,"column":70}},"line":14},"3":{"name":"(anonymous_3)","decl":{"start":{"line":16,"column":14},"end":{"line":16,"column":15}},"loc":{"start":{"line":16,"column":20},"end":{"line":18,"column":5}},"line":16},"4":{"name":"(anonymous_4)","decl":{"start":{"line":39,"column":37},"end":{"line":39,"column":38}},"loc":{"start":{"line":39,"column":43},"end":{"line":39,"column":63}},"line":39},"5":{"name":"(anonymous_5)","decl":{"start":{"line":61,"column":45},"end":{"line":61,"column":46}},"loc":{"start":{"line":61,"column":51},"end":{"line":61,"column":73}},"line":61},"6":{"name":"(anonymous_6)","decl":{"start":{"line":73,"column":45},"end":{"line":73,"column":46}},"loc":{"start":{"line":73,"column":51},"end":{"line":73,"column":74}},"line":73},"7":{"name":"(anonymous_7)","decl":{"start":{"line":87,"column":28},"end":{"line":87,"column":29}},"loc":{"start":{"line":87,"column":49},"end":{"line":87,"column":69}},"line":87},"8":{"name":"(anonymous_8)","decl":{"start":{"line":88,"column":25},"end":{"line":88,"column":26}},"loc":{"start":{"line":89,"column":24},"end":{"line":95,"column":30}},"line":89}},"branchMap":{},"s":{"0":2,"1":2,"2":2,"3":2,"4":2,"5":2,"6":2,"7":2,"8":0,"9":0,"10":0,"11":0,"12":0},"f":{"0":2,"1":2,"2":2,"3":2,"4":0,"5":0,"6":0,"7":0,"8":0},"b":{},"_coverageSchema":"1a1c01bbd47fc00a2c39e90264f33305004495a9","hash":"f9e94591802e570f81c54d0552e563bb18169a3c"}
,"/Users/lucadetenafelipe/Desktop/isdi coders/proyecto final/Felipe-LucaDeTena_Front-Final-Project-202201-MAD/src/components/main/profile/main.tsx": {"path":"/Users/lucadetenafelipe/Desktop/isdi coders/proyecto final/Felipe-LucaDeTena_Front-Final-Project-202201-MAD/src/components/main/profile/main.tsx","statementMap":{"0":{"start":{"line":13,"column":21},"end":{"line":13,"column":37}},"1":{"start":{"line":14,"column":22},"end":{"line":14,"column":79}},"2":{"start":{"line":14,"column":59},"end":{"line":14,"column":78}},"3":{"start":{"line":16,"column":4},"end":{"line":19,"column":11}},"4":{"start":{"line":17,"column":8},"end":{"line":17,"column":38}},"5":{"start":{"line":18,"column":8},"end":{"line":18,"column":44}},"6":{"start":{"line":21,"column":24},"end":{"line":26,"column":5}},"7":{"start":{"line":22,"column":8},"end":{"line":22,"column":40}},"8":{"start":{"line":23,"column":29},"end":{"line":23,"column":58}},"9":{"start":{"line":25,"column":8},"end":{"line":25,"column":60}},"10":{"start":{"line":28,"column":4},"end":{"line":64,"column":6}},"11":{"start":{"line":39,"column":24},"end":{"line":59,"column":30}}},"fnMap":{"0":{"name":"Main","decl":{"start":{"line":12,"column":9},"end":{"line":12,"column":13}},"loc":{"start":{"line":12,"column":16},"end":{"line":65,"column":1}},"line":12},"1":{"name":"(anonymous_1)","decl":{"start":{"line":14,"column":37},"end":{"line":14,"column":38}},"loc":{"start":{"line":14,"column":59},"end":{"line":14,"column":78}},"line":14},"2":{"name":"(anonymous_2)","decl":{"start":{"line":16,"column":14},"end":{"line":16,"column":15}},"loc":{"start":{"line":16,"column":20},"end":{"line":19,"column":5}},"line":16},"3":{"name":"(anonymous_3)","decl":{"start":{"line":21,"column":24},"end":{"line":21,"column":25}},"loc":{"start":{"line":21,"column":42},"end":{"line":26,"column":5}},"line":21},"4":{"name":"(anonymous_4)","decl":{"start":{"line":38,"column":47},"end":{"line":38,"column":48}},"loc":{"start":{"line":39,"column":24},"end":{"line":59,"column":30}},"line":39}},"branchMap":{},"s":{"0":4,"1":3,"2":3,"3":3,"4":3,"5":3,"6":3,"7":1,"8":1,"9":1,"10":3,"11":2},"f":{"0":4,"1":3,"2":3,"3":1,"4":2},"b":{},"_coverageSchema":"1a1c01bbd47fc00a2c39e90264f33305004495a9","hash":"d0a114aba58731cb975c21656567886924a04500"}
,"/Users/lucadetenafelipe/Desktop/isdi coders/proyecto final/Felipe-LucaDeTena_Front-Final-Project-202201-MAD/src/components/main/shop/shop.tsx": {"path":"/Users/lucadetenafelipe/Desktop/isdi coders/proyecto final/Felipe-LucaDeTena_Front-Final-Project-202201-MAD/src/components/main/shop/shop.tsx","statementMap":{"0":{"start":{"line":12,"column":21},"end":{"line":12,"column":34}},"1":{"start":{"line":13,"column":22},"end":{"line":13,"column":71}},"2":{"start":{"line":13,"column":59},"end":{"line":13,"column":70}},"3":{"start":{"line":15,"column":4},"end":{"line":19,"column":11}},"4":{"start":{"line":16,"column":8},"end":{"line":18,"column":11}},"5":{"start":{"line":17,"column":12},"end":{"line":17,"column":34}},"6":{"start":{"line":21,"column":4},"end":{"line":55,"column":6}},"7":{"start":{"line":34,"column":20},"end":{"line":51,"column":26}}},"fnMap":{"0":{"name":"ShopComponent","decl":{"start":{"line":11,"column":9},"end":{"line":11,"column":22}},"loc":{"start":{"line":11,"column":25},"end":{"line":56,"column":1}},"line":11},"1":{"name":"(anonymous_1)","decl":{"start":{"line":13,"column":37},"end":{"line":13,"column":38}},"loc":{"start":{"line":13,"column":59},"end":{"line":13,"column":70}},"line":13},"2":{"name":"(anonymous_2)","decl":{"start":{"line":15,"column":14},"end":{"line":15,"column":15}},"loc":{"start":{"line":15,"column":20},"end":{"line":19,"column":5}},"line":15},"3":{"name":"(anonymous_3)","decl":{"start":{"line":16,"column":24},"end":{"line":16,"column":25}},"loc":{"start":{"line":16,"column":39},"end":{"line":18,"column":9}},"line":16},"4":{"name":"(anonymous_4)","decl":{"start":{"line":33,"column":37},"end":{"line":33,"column":38}},"loc":{"start":{"line":34,"column":20},"end":{"line":51,"column":26}},"line":34}},"branchMap":{},"s":{"0":2,"1":2,"2":2,"3":2,"4":2,"5":0,"6":2,"7":0},"f":{"0":2,"1":2,"2":2,"3":0,"4":0},"b":{},"_coverageSchema":"1a1c01bbd47fc00a2c39e90264f33305004495a9","hash":"b310e931bcf37adf8988a2a9f9b63cfab2803851"}
,"/Users/lucadetenafelipe/Desktop/isdi coders/proyecto final/Felipe-LucaDeTena_Front-Final-Project-202201-MAD/src/components/nav-bar/nav-bar.tsx": {"path":"/Users/lucadetenafelipe/Desktop/isdi coders/proyecto final/Felipe-LucaDeTena_Front-Final-Project-202201-MAD/src/components/nav-bar/nav-bar.tsx","statementMap":{"0":{"start":{"line":8,"column":22},"end":{"line":8,"column":79}},"1":{"start":{"line":8,"column":59},"end":{"line":8,"column":78}},"2":{"start":{"line":10,"column":4},"end":{"line":52,"column":6}}},"fnMap":{"0":{"name":"NavBar","decl":{"start":{"line":7,"column":9},"end":{"line":7,"column":15}},"loc":{"start":{"line":7,"column":38},"end":{"line":53,"column":1}},"line":7},"1":{"name":"(anonymous_1)","decl":{"start":{"line":8,"column":37},"end":{"line":8,"column":38}},"loc":{"start":{"line":8,"column":59},"end":{"line":8,"column":78}},"line":8}},"branchMap":{"0":{"loc":{"start":{"line":32,"column":13},"end":{"line":50,"column":13}},"type":"cond-expr","locations":[{"start":{"line":33,"column":16},"end":{"line":40,"column":19}},{"start":{"line":42,"column":16},"end":{"line":49,"column":25}}],"line":32}},"s":{"0":6,"1":6,"2":6},"f":{"0":6,"1":6},"b":{"0":[0,6]},"_coverageSchema":"1a1c01bbd47fc00a2c39e90264f33305004495a9","hash":"bfe63c566cc2c874e77d571ea386da8b1a7c80f9"}
,"/Users/lucadetenafelipe/Desktop/isdi coders/proyecto final/Felipe-LucaDeTena_Front-Final-Project-202201-MAD/src/components/popUp/popUp.tsx": {"path":"/Users/lucadetenafelipe/Desktop/isdi coders/proyecto final/Felipe-LucaDeTena_Front-Final-Project-202201-MAD/src/components/popUp/popUp.tsx","statementMap":{"0":{"start":{"line":6,"column":4},"end":{"line":14,"column":6}}},"fnMap":{"0":{"name":"Popup","decl":{"start":{"line":5,"column":9},"end":{"line":5,"column":14}},"loc":{"start":{"line":5,"column":27},"end":{"line":15,"column":1}},"line":5}},"branchMap":{"0":{"loc":{"start":{"line":6,"column":11},"end":{"line":14,"column":5}},"type":"cond-expr","locations":[{"start":{"line":7,"column":8},"end":{"line":11,"column":14}},{"start":{"line":13,"column":9},"end":{"line":13,"column":18}}],"line":6}},"s":{"0":5},"f":{"0":5},"b":{"0":[1,4]},"_coverageSchema":"1a1c01bbd47fc00a2c39e90264f33305004495a9","hash":"8eabdbbaa7c0bf84c9eeff2d69ea3c4fc92ce56b"}
,"/Users/lucadetenafelipe/Desktop/isdi coders/proyecto final/Felipe-LucaDeTena_Front-Final-Project-202201-MAD/src/components/register/register.tsx": {"path":"/Users/lucadetenafelipe/Desktop/isdi coders/proyecto final/Felipe-LucaDeTena_Front-Final-Project-202201-MAD/src/components/register/register.tsx","statementMap":{"0":{"start":{"line":11,"column":22},"end":{"line":11,"column":71}},"1":{"start":{"line":11,"column":59},"end":{"line":11,"column":70}},"2":{"start":{"line":12,"column":21},"end":{"line":12,"column":37}},"3":{"start":{"line":14,"column":4},"end":{"line":18,"column":11}},"4":{"start":{"line":15,"column":8},"end":{"line":17,"column":11}},"5":{"start":{"line":16,"column":12},"end":{"line":16,"column":34}},"6":{"start":{"line":20,"column":36},"end":{"line":25,"column":6}},"7":{"start":{"line":26,"column":21},"end":{"line":26,"column":34}},"8":{"start":{"line":28,"column":25},"end":{"line":32,"column":5}},"9":{"start":{"line":29,"column":8},"end":{"line":29,"column":28}},"10":{"start":{"line":30,"column":8},"end":{"line":30,"column":35}},"11":{"start":{"line":31,"column":8},"end":{"line":31,"column":45}},"12":{"start":{"line":34,"column":25},"end":{"line":36,"column":5}},"13":{"start":{"line":35,"column":8},"end":{"line":35,"column":65}},"14":{"start":{"line":38,"column":4},"end":{"line":156,"column":6}},"15":{"start":{"line":86,"column":46},"end":{"line":86,"column":70}},"16":{"start":{"line":97,"column":46},"end":{"line":97,"column":73}},"17":{"start":{"line":107,"column":46},"end":{"line":107,"column":71}},"18":{"start":{"line":117,"column":46},"end":{"line":117,"column":74}},"19":{"start":{"line":131,"column":20},"end":{"line":152,"column":26}}},"fnMap":{"0":{"name":"SignUp","decl":{"start":{"line":10,"column":9},"end":{"line":10,"column":15}},"loc":{"start":{"line":10,"column":18},"end":{"line":157,"column":1}},"line":10},"1":{"name":"(anonymous_1)","decl":{"start":{"line":11,"column":37},"end":{"line":11,"column":38}},"loc":{"start":{"line":11,"column":59},"end":{"line":11,"column":70}},"line":11},"2":{"name":"(anonymous_2)","decl":{"start":{"line":14,"column":14},"end":{"line":14,"column":15}},"loc":{"start":{"line":14,"column":20},"end":{"line":18,"column":5}},"line":14},"3":{"name":"(anonymous_3)","decl":{"start":{"line":15,"column":24},"end":{"line":15,"column":25}},"loc":{"start":{"line":15,"column":30},"end":{"line":17,"column":9}},"line":15},"4":{"name":"(anonymous_4)","decl":{"start":{"line":28,"column":25},"end":{"line":28,"column":26}},"loc":{"start":{"line":28,"column":44},"end":{"line":32,"column":5}},"line":28},"5":{"name":"(anonymous_5)","decl":{"start":{"line":34,"column":25},"end":{"line":34,"column":26}},"loc":{"start":{"line":34,"column":52},"end":{"line":36,"column":5}},"line":34},"6":{"name":"(anonymous_6)","decl":{"start":{"line":86,"column":38},"end":{"line":86,"column":39}},"loc":{"start":{"line":86,"column":46},"end":{"line":86,"column":70}},"line":86},"7":{"name":"(anonymous_7)","decl":{"start":{"line":97,"column":38},"end":{"line":97,"column":39}},"loc":{"start":{"line":97,"column":46},"end":{"line":97,"column":73}},"line":97},"8":{"name":"(anonymous_8)","decl":{"start":{"line":107,"column":38},"end":{"line":107,"column":39}},"loc":{"start":{"line":107,"column":46},"end":{"line":107,"column":71}},"line":107},"9":{"name":"(anonymous_9)","decl":{"start":{"line":117,"column":38},"end":{"line":117,"column":39}},"loc":{"start":{"line":117,"column":46},"end":{"line":117,"column":74}},"line":117},"10":{"name":"(anonymous_10)","decl":{"start":{"line":129,"column":37},"end":{"line":129,"column":38}},"loc":{"start":{"line":131,"column":20},"end":{"line":152,"column":26}},"line":131}},"branchMap":{},"s":{"0":5,"1":5,"2":5,"3":5,"4":2,"5":0,"6":5,"7":5,"8":5,"9":0,"10":0,"11":0,"12":5,"13":3,"14":5,"15":0,"16":1,"17":1,"18":1,"19":0},"f":{"0":5,"1":5,"2":2,"3":0,"4":0,"5":3,"6":0,"7":1,"8":1,"9":1,"10":0},"b":{},"_coverageSchema":"1a1c01bbd47fc00a2c39e90264f33305004495a9","hash":"5ec855f057e3f06315e3d8e54c7fafaf258d4f87"}
,"/Users/lucadetenafelipe/Desktop/isdi coders/proyecto final/Felipe-LucaDeTena_Front-Final-Project-202201-MAD/src/firebase/connection.ts": {"path":"/Users/lucadetenafelipe/Desktop/isdi coders/proyecto final/Felipe-LucaDeTena_Front-Final-Project-202201-MAD/src/firebase/connection.ts","statementMap":{"0":{"start":{"line":9,"column":23},"end":{"line":17,"column":1}},"1":{"start":{"line":20,"column":12},"end":{"line":20,"column":41}},"2":{"start":{"line":21,"column":16},"end":{"line":21,"column":31}}},"fnMap":{},"branchMap":{},"s":{"0":2,"1":2,"2":2},"f":{},"b":{},"_coverageSchema":"1a1c01bbd47fc00a2c39e90264f33305004495a9","hash":"ac088ea4a64dfb1333a4bf6a8bf842616029a72a"}
,"/Users/lucadetenafelipe/Desktop/isdi coders/proyecto final/Felipe-LucaDeTena_Front-Final-Project-202201-MAD/src/interfaces/collection-i.ts": {"path":"/Users/lucadetenafelipe/Desktop/isdi coders/proyecto final/Felipe-LucaDeTena_Front-Final-Project-202201-MAD/src/interfaces/collection-i.ts","statementMap":{},"fnMap":{},"branchMap":{},"s":{},"f":{},"b":{}}
,"/Users/lucadetenafelipe/Desktop/isdi coders/proyecto final/Felipe-LucaDeTena_Front-Final-Project-202201-MAD/src/interfaces/item-i.ts": {"path":"/Users/lucadetenafelipe/Desktop/isdi coders/proyecto final/Felipe-LucaDeTena_Front-Final-Project-202201-MAD/src/interfaces/item-i.ts","statementMap":{},"fnMap":{},"branchMap":{},"s":{},"f":{},"b":{}}
,"/Users/lucadetenafelipe/Desktop/isdi coders/proyecto final/Felipe-LucaDeTena_Front-Final-Project-202201-MAD/src/interfaces/user-i.ts": {"path":"/Users/lucadetenafelipe/Desktop/isdi coders/proyecto final/Felipe-LucaDeTena_Front-Final-Project-202201-MAD/src/interfaces/user-i.ts","statementMap":{},"fnMap":{},"branchMap":{},"s":{},"f":{},"b":{}}
,"/Users/lucadetenafelipe/Desktop/isdi coders/proyecto final/Felipe-LucaDeTena_Front-Final-Project-202201-MAD/src/pages/detailPage/detailPage.tsx": {"path":"/Users/lucadetenafelipe/Desktop/isdi coders/proyecto final/Felipe-LucaDeTena_Front-Final-Project-202201-MAD/src/pages/detailPage/detailPage.tsx","statementMap":{"0":{"start":{"line":7,"column":4},"end":{"line":12,"column":6}}},"fnMap":{"0":{"name":"DetailPage","decl":{"start":{"line":6,"column":9},"end":{"line":6,"column":19}},"loc":{"start":{"line":6,"column":42},"end":{"line":13,"column":1}},"line":6}},"branchMap":{},"s":{"0":1},"f":{"0":1},"b":{},"_coverageSchema":"1a1c01bbd47fc00a2c39e90264f33305004495a9","hash":"4e445f9d1211c61bb10d2addd5dd0e19bae276af"}
,"/Users/lucadetenafelipe/Desktop/isdi coders/proyecto final/Felipe-LucaDeTena_Front-Final-Project-202201-MAD/src/pages/feedPage/feedPage.tsx": {"path":"/Users/lucadetenafelipe/Desktop/isdi coders/proyecto final/Felipe-LucaDeTena_Front-Final-Project-202201-MAD/src/pages/feedPage/feedPage.tsx","statementMap":{"0":{"start":{"line":7,"column":4},"end":{"line":12,"column":6}}},"fnMap":{"0":{"name":"Feed","decl":{"start":{"line":6,"column":9},"end":{"line":6,"column":13}},"loc":{"start":{"line":6,"column":36},"end":{"line":13,"column":1}},"line":6}},"branchMap":{},"s":{"0":1},"f":{"0":1},"b":{},"_coverageSchema":"1a1c01bbd47fc00a2c39e90264f33305004495a9","hash":"be3bb429116db2007f5c9b1ed9d424843db43f17"}
,"/Users/lucadetenafelipe/Desktop/isdi coders/proyecto final/Felipe-LucaDeTena_Front-Final-Project-202201-MAD/src/pages/profilePage/profilePage.tsx": {"path":"/Users/lucadetenafelipe/Desktop/isdi coders/proyecto final/Felipe-LucaDeTena_Front-Final-Project-202201-MAD/src/pages/profilePage/profilePage.tsx","statementMap":{"0":{"start":{"line":11,"column":42},"end":{"line":11,"column":57}},"1":{"start":{"line":12,"column":48},"end":{"line":12,"column":63}},"2":{"start":{"line":13,"column":46},"end":{"line":13,"column":61}},"3":{"start":{"line":15,"column":4},"end":{"line":34,"column":6}}},"fnMap":{"0":{"name":"Profile","decl":{"start":{"line":10,"column":9},"end":{"line":10,"column":16}},"loc":{"start":{"line":10,"column":19},"end":{"line":35,"column":1}},"line":10}},"branchMap":{},"s":{"0":1,"1":1,"2":1,"3":1},"f":{"0":1},"b":{},"_coverageSchema":"1a1c01bbd47fc00a2c39e90264f33305004495a9","hash":"021cb18f492380289f6dee3da17a99377b81da0e"}
,"/Users/lucadetenafelipe/Desktop/isdi coders/proyecto final/Felipe-LucaDeTena_Front-Final-Project-202201-MAD/src/pages/registerPage/registerPage.tsx": {"path":"/Users/lucadetenafelipe/Desktop/isdi coders/proyecto final/Felipe-LucaDeTena_Front-Final-Project-202201-MAD/src/pages/registerPage/registerPage.tsx","statementMap":{"0":{"start":{"line":5,"column":4},"end":{"line":5,"column":22}}},"fnMap":{"0":{"name":"Register","decl":{"start":{"line":4,"column":9},"end":{"line":4,"column":17}},"loc":{"start":{"line":4,"column":20},"end":{"line":6,"column":1}},"line":4}},"branchMap":{},"s":{"0":1},"f":{"0":1},"b":{},"_coverageSchema":"1a1c01bbd47fc00a2c39e90264f33305004495a9","hash":"814e7b613b8ed509e0062e28f29979bb04a55d11"}
,"/Users/lucadetenafelipe/Desktop/isdi coders/proyecto final/Felipe-LucaDeTena_Front-Final-Project-202201-MAD/src/pages/shopPage/shopPage.tsx": {"path":"/Users/lucadetenafelipe/Desktop/isdi coders/proyecto final/Felipe-LucaDeTena_Front-Final-Project-202201-MAD/src/pages/shopPage/shopPage.tsx","statementMap":{"0":{"start":{"line":7,"column":4},"end":{"line":12,"column":6}}},"fnMap":{"0":{"name":"Shop","decl":{"start":{"line":6,"column":9},"end":{"line":6,"column":13}},"loc":{"start":{"line":6,"column":36},"end":{"line":13,"column":1}},"line":6}},"branchMap":{},"s":{"0":1},"f":{"0":1},"b":{},"_coverageSchema":"1a1c01bbd47fc00a2c39e90264f33305004495a9","hash":"bd25356b6dfd082e1b1b680e7b9f5116130e8283"}
,"/Users/lucadetenafelipe/Desktop/isdi coders/proyecto final/Felipe-LucaDeTena_Front-Final-Project-202201-MAD/src/redux/hooks.ts": {"path":"/Users/lucadetenafelipe/Desktop/isdi coders/proyecto final/Felipe-LucaDeTena_Front-Final-Project-202201-MAD/src/redux/hooks.ts","statementMap":{"0":{"start":{"line":5,"column":30},"end":{"line":5,"column":62}},"1":{"start":{"line":5,"column":36},"end":{"line":5,"column":62}},"2":{"start":{"line":6,"column":63},"end":{"line":6,"column":74}}},"fnMap":{"0":{"name":"(anonymous_0)","decl":{"start":{"line":5,"column":30},"end":{"line":5,"column":31}},"loc":{"start":{"line":5,"column":36},"end":{"line":5,"column":62}},"line":5}},"branchMap":{},"s":{"0":16,"1":21,"2":16},"f":{"0":21},"b":{},"_coverageSchema":"1a1c01bbd47fc00a2c39e90264f33305004495a9","hash":"6ec159b972d6a12adc0a0744d62fc9ef6b38f4c0"}
,"/Users/lucadetenafelipe/Desktop/isdi coders/proyecto final/Felipe-LucaDeTena_Front-Final-Project-202201-MAD/src/redux/test.utils.js": {"path":"/Users/lucadetenafelipe/Desktop/isdi coders/proyecto final/Felipe-LucaDeTena_Front-Final-Project-202201-MAD/src/redux/test.utils.js","statementMap":{"0":{"start":{"line":30,"column":8},"end":{"line":30,"column":61}},"1":{"start":{"line":32,"column":4},"end":{"line":32,"column":65}}},"fnMap":{"0":{"name":"render","decl":{"start":{"line":13,"column":9},"end":{"line":13,"column":15}},"loc":{"start":{"line":28,"column":2},"end":{"line":33,"column":1}},"line":28},"1":{"name":"Wrapper","decl":{"start":{"line":29,"column":13},"end":{"line":29,"column":20}},"loc":{"start":{"line":29,"column":35},"end":{"line":31,"column":5}},"line":29}},"branchMap":{"0":{"loc":{"start":{"line":15,"column":4},"end":{"line":27,"column":10}},"type":"default-arg","locations":[{"start":{"line":27,"column":8},"end":{"line":27,"column":10}}],"line":15},"1":{"loc":{"start":{"line":17,"column":8},"end":{"line":25,"column":10}},"type":"default-arg","locations":[{"start":{"line":17,"column":16},"end":{"line":25,"column":10}}],"line":17}},"s":{"0":20,"1":20},"f":{"0":20,"1":20},"b":{"0":[18],"1":[20]},"_coverageSchema":"1a1c01bbd47fc00a2c39e90264f33305004495a9","hash":"e5c3b0e01445d494deb9487e0948cb85c6474274"}
,"/Users/lucadetenafelipe/Desktop/isdi coders/proyecto final/Felipe-LucaDeTena_Front-Final-Project-202201-MAD/src/redux/collection/action-creators.ts": {"path":"/Users/lucadetenafelipe/Desktop/isdi coders/proyecto final/Felipe-LucaDeTena_Front-Final-Project-202201-MAD/src/redux/collection/action-creators.ts","statementMap":{"0":{"start":{"line":6,"column":4},"end":{"line":13,"column":6}},"1":{"start":{"line":7,"column":8},"end":{"line":12,"column":11}},"2":{"start":{"line":8,"column":12},"end":{"line":11,"column":15}},"3":{"start":{"line":16,"column":4},"end":{"line":23,"column":6}},"4":{"start":{"line":17,"column":8},"end":{"line":22,"column":11}},"5":{"start":{"line":18,"column":12},"end":{"line":21,"column":15}},"6":{"start":{"line":26,"column":4},"end":{"line":33,"column":6}},"7":{"start":{"line":27,"column":8},"end":{"line":32,"column":11}},"8":{"start":{"line":28,"column":12},"end":{"line":31,"column":15}},"9":{"start":{"line":37,"column":4},"end":{"line":44,"column":6}},"10":{"start":{"line":38,"column":8},"end":{"line":43,"column":11}},"11":{"start":{"line":39,"column":12},"end":{"line":42,"column":15}},"12":{"start":{"line":47,"column":4},"end":{"line":54,"column":6}},"13":{"start":{"line":48,"column":8},"end":{"line":53,"column":11}},"14":{"start":{"line":49,"column":12},"end":{"line":52,"column":15}}},"fnMap":{"0":{"name":"loadCollections","decl":{"start":{"line":5,"column":16},"end":{"line":5,"column":31}},"loc":{"start":{"line":5,"column":34},"end":{"line":14,"column":1}},"line":5},"1":{"name":"(anonymous_1)","decl":{"start":{"line":6,"column":11},"end":{"line":6,"column":12}},"loc":{"start":{"line":6,"column":38},"end":{"line":13,"column":5}},"line":6},"2":{"name":"(anonymous_2)","decl":{"start":{"line":7,"column":34},"end":{"line":7,"column":35}},"loc":{"start":{"line":7,"column":49},"end":{"line":12,"column":9}},"line":7},"3":{"name":"loadCollection","decl":{"start":{"line":15,"column":16},"end":{"line":15,"column":30}},"loc":{"start":{"line":15,"column":53},"end":{"line":24,"column":1}},"line":15},"4":{"name":"(anonymous_4)","decl":{"start":{"line":16,"column":11},"end":{"line":16,"column":12}},"loc":{"start":{"line":16,"column":38},"end":{"line":23,"column":5}},"line":16},"5":{"name":"(anonymous_5)","decl":{"start":{"line":17,"column":48},"end":{"line":17,"column":49}},"loc":{"start":{"line":17,"column":63},"end":{"line":22,"column":9}},"line":17},"6":{"name":"addCollection","decl":{"start":{"line":25,"column":16},"end":{"line":25,"column":29}},"loc":{"start":{"line":25,"column":62},"end":{"line":34,"column":1}},"line":25},"7":{"name":"(anonymous_7)","decl":{"start":{"line":26,"column":11},"end":{"line":26,"column":12}},"loc":{"start":{"line":26,"column":38},"end":{"line":33,"column":5}},"line":26},"8":{"name":"(anonymous_8)","decl":{"start":{"line":27,"column":50},"end":{"line":27,"column":51}},"loc":{"start":{"line":27,"column":65},"end":{"line":32,"column":9}},"line":27},"9":{"name":"removeCollection","decl":{"start":{"line":36,"column":16},"end":{"line":36,"column":32}},"loc":{"start":{"line":36,"column":58},"end":{"line":45,"column":1}},"line":36},"10":{"name":"(anonymous_10)","decl":{"start":{"line":37,"column":11},"end":{"line":37,"column":12}},"loc":{"start":{"line":37,"column":38},"end":{"line":44,"column":5}},"line":37},"11":{"name":"(anonymous_11)","decl":{"start":{"line":38,"column":55},"end":{"line":38,"column":56}},"loc":{"start":{"line":38,"column":70},"end":{"line":43,"column":9}},"line":38},"12":{"name":"toggleCollection","decl":{"start":{"line":46,"column":16},"end":{"line":46,"column":32}},"loc":{"start":{"line":46,"column":66},"end":{"line":55,"column":1}},"line":46},"13":{"name":"(anonymous_13)","decl":{"start":{"line":47,"column":11},"end":{"line":47,"column":12}},"loc":{"start":{"line":47,"column":38},"end":{"line":54,"column":5}},"line":47},"14":{"name":"(anonymous_14)","decl":{"start":{"line":48,"column":63},"end":{"line":48,"column":64}},"loc":{"start":{"line":48,"column":78},"end":{"line":53,"column":9}},"line":48}},"branchMap":{},"s":{"0":1,"1":1,"2":1,"3":0,"4":0,"5":0,"6":0,"7":0,"8":0,"9":1,"10":1,"11":0,"12":1,"13":1,"14":1},"f":{"0":1,"1":1,"2":1,"3":0,"4":0,"5":0,"6":0,"7":0,"8":0,"9":1,"10":1,"11":0,"12":1,"13":1,"14":1},"b":{},"_coverageSchema":"1a1c01bbd47fc00a2c39e90264f33305004495a9","hash":"420b52c98155956448fdcd3cac02676845ddc478"}
,"/Users/lucadetenafelipe/Desktop/isdi coders/proyecto final/Felipe-LucaDeTena_Front-Final-Project-202201-MAD/src/redux/collection/action-types.ts": {"path":"/Users/lucadetenafelipe/Desktop/isdi coders/proyecto final/Felipe-LucaDeTena_Front-Final-Project-202201-MAD/src/redux/collection/action-types.ts","statementMap":{"0":{"start":{"line":1,"column":20},"end":{"line":7,"column":1}}},"fnMap":{},"branchMap":{},"s":{"0":21},"f":{},"b":{},"_coverageSchema":"1a1c01bbd47fc00a2c39e90264f33305004495a9","hash":"052b1ec2ce7ffae6c6643d934ad08a69ad58f5d1"}
,"/Users/lucadetenafelipe/Desktop/isdi coders/proyecto final/Felipe-LucaDeTena_Front-Final-Project-202201-MAD/src/redux/collection/collection-reducer.ts": {"path":"/Users/lucadetenafelipe/Desktop/isdi coders/proyecto final/Felipe-LucaDeTena_Front-Final-Project-202201-MAD/src/redux/collection/collection-reducer.ts","statementMap":{"0":{"start":{"line":11,"column":21},"end":{"line":13,"column":1}},"1":{"start":{"line":19,"column":4},"end":{"line":41,"column":5}},"2":{"start":{"line":21,"column":12},"end":{"line":21,"column":66}},"3":{"start":{"line":23,"column":12},"end":{"line":26,"column":14}},"4":{"start":{"line":28,"column":12},"end":{"line":33,"column":14}},"5":{"start":{"line":31,"column":32},"end":{"line":31,"column":60}},"6":{"start":{"line":35,"column":12},"end":{"line":35,"column":51}},"7":{"start":{"line":37,"column":12},"end":{"line":37,"column":34}},"8":{"start":{"line":40,"column":12},"end":{"line":40,"column":25}}},"fnMap":{"0":{"name":"collectionsReducer","decl":{"start":{"line":15,"column":9},"end":{"line":15,"column":27}},"loc":{"start":{"line":18,"column":2},"end":{"line":42,"column":1}},"line":18},"1":{"name":"(anonymous_1)","decl":{"start":{"line":31,"column":20},"end":{"line":31,"column":21}},"loc":{"start":{"line":31,"column":32},"end":{"line":31,"column":60}},"line":31}},"branchMap":{"0":{"loc":{"start":{"line":16,"column":4},"end":{"line":16,"column":38}},"type":"default-arg","locations":[{"start":{"line":16,"column":26},"end":{"line":16,"column":38}}],"line":16},"1":{"loc":{"start":{"line":19,"column":4},"end":{"line":41,"column":5}},"type":"switch","locations":[{"start":{"line":20,"column":8},"end":{"line":21,"column":66}},{"start":{"line":22,"column":8},"end":{"line":26,"column":14}},{"start":{"line":27,"column":8},"end":{"line":33,"column":14}},{"start":{"line":34,"column":8},"end":{"line":35,"column":51}},{"start":{"line":36,"column":8},"end":{"line":37,"column":34}},{"start":{"line":39,"column":8},"end":{"line":40,"column":25}}],"line":19}},"s":{"0":19,"1":65,"2":1,"3":1,"4":1,"5":0,"6":1,"7":1,"8":60},"f":{"0":65,"1":0},"b":{"0":[60],"1":[1,1,1,1,1,60]},"_coverageSchema":"1a1c01bbd47fc00a2c39e90264f33305004495a9","hash":"017b6a0a41921e9e7d0576921f62610bfcd33a14"}
,"/Users/lucadetenafelipe/Desktop/isdi coders/proyecto final/Felipe-LucaDeTena_Front-Final-Project-202201-MAD/src/redux/item/action-creators.ts": {"path":"/Users/lucadetenafelipe/Desktop/isdi coders/proyecto final/Felipe-LucaDeTena_Front-Final-Project-202201-MAD/src/redux/item/action-creators.ts","statementMap":{"0":{"start":{"line":6,"column":4},"end":{"line":13,"column":6}},"1":{"start":{"line":7,"column":8},"end":{"line":12,"column":11}},"2":{"start":{"line":8,"column":12},"end":{"line":11,"column":15}}},"fnMap":{"0":{"name":"loadItems","decl":{"start":{"line":5,"column":9},"end":{"line":5,"column":18}},"loc":{"start":{"line":5,"column":21},"end":{"line":14,"column":1}},"line":5},"1":{"name":"(anonymous_1)","decl":{"start":{"line":6,"column":11},"end":{"line":6,"column":12}},"loc":{"start":{"line":6,"column":38},"end":{"line":13,"column":5}},"line":6},"2":{"name":"(anonymous_2)","decl":{"start":{"line":7,"column":28},"end":{"line":7,"column":29}},"loc":{"start":{"line":7,"column":43},"end":{"line":12,"column":9}},"line":7}},"branchMap":{},"s":{"0":1,"1":1,"2":1},"f":{"0":1,"1":1,"2":1},"b":{},"_coverageSchema":"1a1c01bbd47fc00a2c39e90264f33305004495a9","hash":"b8b4333aa922bb5d4ed3b69c73df079dfc97d91e"}
,"/Users/lucadetenafelipe/Desktop/isdi coders/proyecto final/Felipe-LucaDeTena_Front-Final-Project-202201-MAD/src/redux/item/action-types.ts": {"path":"/Users/lucadetenafelipe/Desktop/isdi coders/proyecto final/Felipe-LucaDeTena_Front-Final-Project-202201-MAD/src/redux/item/action-types.ts","statementMap":{"0":{"start":{"line":1,"column":20},"end":{"line":3,"column":1}}},"fnMap":{},"branchMap":{},"s":{"0":20},"f":{},"b":{},"_coverageSchema":"1a1c01bbd47fc00a2c39e90264f33305004495a9","hash":"0f262f330e4758435ffbfcc30b6a17fd0b61adde"}
,"/Users/lucadetenafelipe/Desktop/isdi coders/proyecto final/Felipe-LucaDeTena_Front-Final-Project-202201-MAD/src/redux/item/item-reducer.ts": {"path":"/Users/lucadetenafelipe/Desktop/isdi coders/proyecto final/Felipe-LucaDeTena_Front-Final-Project-202201-MAD/src/redux/item/item-reducer.ts","statementMap":{"0":{"start":{"line":10,"column":21},"end":{"line":12,"column":1}},"1":{"start":{"line":15,"column":4},"end":{"line":20,"column":5}},"2":{"start":{"line":17,"column":12},"end":{"line":17,"column":60}},"3":{"start":{"line":19,"column":12},"end":{"line":19,"column":25}}},"fnMap":{"0":{"name":"itemsReducer","decl":{"start":{"line":14,"column":9},"end":{"line":14,"column":21}},"loc":{"start":{"line":14,"column":71},"end":{"line":21,"column":1}},"line":14}},"branchMap":{"0":{"loc":{"start":{"line":14,"column":22},"end":{"line":14,"column":50}},"type":"default-arg","locations":[{"start":{"line":14,"column":38},"end":{"line":14,"column":50}}],"line":14},"1":{"loc":{"start":{"line":15,"column":4},"end":{"line":20,"column":5}},"type":"switch","locations":[{"start":{"line":16,"column":8},"end":{"line":17,"column":60}},{"start":{"line":18,"column":8},"end":{"line":19,"column":25}}],"line":15}},"s":{"0":19,"1":61,"2":1,"3":60},"f":{"0":61},"b":{"0":[60],"1":[1,60]},"_coverageSchema":"1a1c01bbd47fc00a2c39e90264f33305004495a9","hash":"cdf707a5272711cff5d343d82631657e295155cf"}
,"/Users/lucadetenafelipe/Desktop/isdi coders/proyecto final/Felipe-LucaDeTena_Front-Final-Project-202201-MAD/src/redux/login-register/action-creators.ts": {"path":"/Users/lucadetenafelipe/Desktop/isdi coders/proyecto final/Felipe-LucaDeTena_Front-Final-Project-202201-MAD/src/redux/login-register/action-creators.ts","statementMap":{"0":{"start":{"line":7,"column":4},"end":{"line":14,"column":6}},"1":{"start":{"line":8,"column":8},"end":{"line":13,"column":11}},"2":{"start":{"line":9,"column":12},"end":{"line":12,"column":15}},"3":{"start":{"line":18,"column":4},"end":{"line":25,"column":6}},"4":{"start":{"line":19,"column":8},"end":{"line":24,"column":11}},"5":{"start":{"line":20,"column":12},"end":{"line":23,"column":15}},"6":{"start":{"line":29,"column":4},"end":{"line":33,"column":6}},"7":{"start":{"line":30,"column":8},"end":{"line":32,"column":11}}},"fnMap":{"0":{"name":"signUp","decl":{"start":{"line":6,"column":16},"end":{"line":6,"column":22}},"loc":{"start":{"line":6,"column":44},"end":{"line":15,"column":1}},"line":6},"1":{"name":"(anonymous_1)","decl":{"start":{"line":7,"column":11},"end":{"line":7,"column":12}},"loc":{"start":{"line":7,"column":38},"end":{"line":14,"column":5}},"line":7},"2":{"name":"(anonymous_2)","decl":{"start":{"line":8,"column":32},"end":{"line":8,"column":33}},"loc":{"start":{"line":8,"column":42},"end":{"line":13,"column":9}},"line":8},"3":{"name":"logIn","decl":{"start":{"line":17,"column":16},"end":{"line":17,"column":21}},"loc":{"start":{"line":17,"column":40},"end":{"line":26,"column":1}},"line":17},"4":{"name":"(anonymous_4)","decl":{"start":{"line":18,"column":11},"end":{"line":18,"column":12}},"loc":{"start":{"line":18,"column":38},"end":{"line":25,"column":5}},"line":18},"5":{"name":"(anonymous_5)","decl":{"start":{"line":19,"column":29},"end":{"line":19,"column":30}},"loc":{"start":{"line":19,"column":39},"end":{"line":24,"column":9}},"line":19},"6":{"name":"logOut","decl":{"start":{"line":28,"column":16},"end":{"line":28,"column":22}},"loc":{"start":{"line":28,"column":25},"end":{"line":34,"column":1}},"line":28},"7":{"name":"(anonymous_7)","decl":{"start":{"line":29,"column":11},"end":{"line":29,"column":12}},"loc":{"start":{"line":29,"column":38},"end":{"line":33,"column":5}},"line":29}},"branchMap":{},"s":{"0":1,"1":1,"2":1,"3":2,"4":2,"5":1,"6":1,"7":1},"f":{"0":1,"1":1,"2":1,"3":2,"4":2,"5":1,"6":1,"7":1},"b":{},"_coverageSchema":"1a1c01bbd47fc00a2c39e90264f33305004495a9","hash":"ecd6de8c67e2a062223c2f1cd59c8dc745d3e313"}
,"/Users/lucadetenafelipe/Desktop/isdi coders/proyecto final/Felipe-LucaDeTena_Front-Final-Project-202201-MAD/src/redux/login-register/action-types.ts": {"path":"/Users/lucadetenafelipe/Desktop/isdi coders/proyecto final/Felipe-LucaDeTena_Front-Final-Project-202201-MAD/src/redux/login-register/action-types.ts","statementMap":{"0":{"start":{"line":1,"column":20},"end":{"line":5,"column":1}}},"fnMap":{},"branchMap":{},"s":{"0":20},"f":{},"b":{},"_coverageSchema":"1a1c01bbd47fc00a2c39e90264f33305004495a9","hash":"5985c4835fd15160224c27c5b541a0e4321e9766"}
,"/Users/lucadetenafelipe/Desktop/isdi coders/proyecto final/Felipe-LucaDeTena_Front-Final-Project-202201-MAD/src/redux/login-register/login-register-reducer.ts": {"path":"/Users/lucadetenafelipe/Desktop/isdi coders/proyecto final/Felipe-LucaDeTena_Front-Final-Project-202201-MAD/src/redux/login-register/login-register-reducer.ts","statementMap":{"0":{"start":{"line":23,"column":36},"end":{"line":36,"column":1}},"1":{"start":{"line":39,"column":4},"end":{"line":69,"column":5}},"2":{"start":{"line":41,"column":12},"end":{"line":41,"column":58}},"3":{"start":{"line":42,"column":12},"end":{"line":42,"column":25}},"4":{"start":{"line":44,"column":12},"end":{"line":44,"column":33}},"5":{"start":{"line":45,"column":12},"end":{"line":45,"column":25}},"6":{"start":{"line":47,"column":12},"end":{"line":47,"column":35}},"7":{"start":{"line":48,"column":12},"end":{"line":48,"column":25}},"8":{"start":{"line":50,"column":12},"end":{"line":55,"column":14}},"9":{"start":{"line":53,"column":32},"end":{"line":53,"column":60}},"10":{"start":{"line":57,"column":12},"end":{"line":60,"column":14}},"11":{"start":{"line":62,"column":12},"end":{"line":65,"column":14}},"12":{"start":{"line":68,"column":12},"end":{"line":68,"column":25}}},"fnMap":{"0":{"name":"loginReducer","decl":{"start":{"line":38,"column":9},"end":{"line":38,"column":21}},"loc":{"start":{"line":38,"column":78},"end":{"line":70,"column":1}},"line":38},"1":{"name":"(anonymous_1)","decl":{"start":{"line":53,"column":20},"end":{"line":53,"column":21}},"loc":{"start":{"line":53,"column":32},"end":{"line":53,"column":60}},"line":53}},"branchMap":{"0":{"loc":{"start":{"line":38,"column":22},"end":{"line":38,"column":57}},"type":"default-arg","locations":[{"start":{"line":38,"column":45},"end":{"line":38,"column":57}}],"line":38},"1":{"loc":{"start":{"line":39,"column":4},"end":{"line":69,"column":5}},"type":"switch","locations":[{"start":{"line":40,"column":8},"end":{"line":42,"column":25}},{"start":{"line":43,"column":8},"end":{"line":45,"column":25}},{"start":{"line":46,"column":8},"end":{"line":48,"column":25}},{"start":{"line":49,"column":8},"end":{"line":55,"column":14}},{"start":{"line":56,"column":8},"end":{"line":60,"column":14}},{"start":{"line":61,"column":8},"end":{"line":65,"column":14}},{"start":{"line":67,"column":8},"end":{"line":68,"column":25}}],"line":39}},"s":{"0":19,"1":64,"2":1,"3":1,"4":1,"5":1,"6":1,"7":1,"8":1,"9":0,"10":0,"11":0,"12":60},"f":{"0":64,"1":0},"b":{"0":[58],"1":[1,1,1,1,0,0,60]},"_coverageSchema":"1a1c01bbd47fc00a2c39e90264f33305004495a9","hash":"f989a9cd2bb7527c3e2b7868a981439769576a92"}
,"/Users/lucadetenafelipe/Desktop/isdi coders/proyecto final/Felipe-LucaDeTena_Front-Final-Project-202201-MAD/src/redux/user/action-creators.ts": {"path":"/Users/lucadetenafelipe/Desktop/isdi coders/proyecto final/Felipe-LucaDeTena_Front-Final-Project-202201-MAD/src/redux/user/action-creators.ts","statementMap":{"0":{"start":{"line":6,"column":4},"end":{"line":14,"column":6}},"1":{"start":{"line":7,"column":8},"end":{"line":13,"column":11}},"2":{"start":{"line":8,"column":12},"end":{"line":8,"column":48}},"3":{"start":{"line":9,"column":12},"end":{"line":12,"column":15}},"4":{"start":{"line":17,"column":4},"end":{"line":24,"column":6}},"5":{"start":{"line":18,"column":8},"end":{"line":23,"column":11}},"6":{"start":{"line":19,"column":12},"end":{"line":22,"column":15}},"7":{"start":{"line":27,"column":4},"end":{"line":35,"column":6}},"8":{"start":{"line":28,"column":8},"end":{"line":34,"column":11}},"9":{"start":{"line":29,"column":12},"end":{"line":29,"column":35}},"10":{"start":{"line":30,"column":12},"end":{"line":33,"column":15}},"11":{"start":{"line":38,"column":4},"end":{"line":45,"column":6}},"12":{"start":{"line":39,"column":8},"end":{"line":44,"column":11}},"13":{"start":{"line":40,"column":12},"end":{"line":43,"column":15}}},"fnMap":{"0":{"name":"loadUser","decl":{"start":{"line":5,"column":16},"end":{"line":5,"column":24}},"loc":{"start":{"line":5,"column":41},"end":{"line":15,"column":1}},"line":5},"1":{"name":"(anonymous_1)","decl":{"start":{"line":6,"column":11},"end":{"line":6,"column":12}},"loc":{"start":{"line":6,"column":38},"end":{"line":14,"column":5}},"line":6},"2":{"name":"(anonymous_2)","decl":{"start":{"line":7,"column":36},"end":{"line":7,"column":37}},"loc":{"start":{"line":7,"column":51},"end":{"line":13,"column":9}},"line":7},"3":{"name":"updateUser","decl":{"start":{"line":16,"column":16},"end":{"line":16,"column":26}},"loc":{"start":{"line":16,"column":61},"end":{"line":25,"column":1}},"line":16},"4":{"name":"(anonymous_4)","decl":{"start":{"line":17,"column":11},"end":{"line":17,"column":12}},"loc":{"start":{"line":17,"column":38},"end":{"line":24,"column":5}},"line":17},"5":{"name":"(anonymous_5)","decl":{"start":{"line":18,"column":52},"end":{"line":18,"column":53}},"loc":{"start":{"line":18,"column":67},"end":{"line":23,"column":9}},"line":18},"6":{"name":"followUser","decl":{"start":{"line":26,"column":16},"end":{"line":26,"column":26}},"loc":{"start":{"line":26,"column":50},"end":{"line":36,"column":1}},"line":26},"7":{"name":"(anonymous_7)","decl":{"start":{"line":27,"column":11},"end":{"line":27,"column":12}},"loc":{"start":{"line":27,"column":38},"end":{"line":35,"column":5}},"line":27},"8":{"name":"(anonymous_8)","decl":{"start":{"line":28,"column":34},"end":{"line":28,"column":35}},"loc":{"start":{"line":28,"column":49},"end":{"line":34,"column":9}},"line":28},"9":{"name":"unFollowUser","decl":{"start":{"line":37,"column":16},"end":{"line":37,"column":28}},"loc":{"start":{"line":37,"column":52},"end":{"line":46,"column":1}},"line":37},"10":{"name":"(anonymous_10)","decl":{"start":{"line":38,"column":11},"end":{"line":38,"column":12}},"loc":{"start":{"line":38,"column":38},"end":{"line":45,"column":5}},"line":38},"11":{"name":"(anonymous_11)","decl":{"start":{"line":39,"column":36},"end":{"line":39,"column":37}},"loc":{"start":{"line":39,"column":51},"end":{"line":44,"column":9}},"line":39}},"branchMap":{},"s":{"0":8,"1":8,"2":1,"3":1,"4":1,"5":1,"6":1,"7":1,"8":1,"9":1,"10":1,"11":1,"12":1,"13":1},"f":{"0":8,"1":8,"2":1,"3":1,"4":1,"5":1,"6":1,"7":1,"8":1,"9":1,"10":1,"11":1},"b":{},"_coverageSchema":"1a1c01bbd47fc00a2c39e90264f33305004495a9","hash":"b43721d901c7af9dec48b5c51389161b5e182bbd"}
,"/Users/lucadetenafelipe/Desktop/isdi coders/proyecto final/Felipe-LucaDeTena_Front-Final-Project-202201-MAD/src/redux/user/action-types.ts": {"path":"/Users/lucadetenafelipe/Desktop/isdi coders/proyecto final/Felipe-LucaDeTena_Front-Final-Project-202201-MAD/src/redux/user/action-types.ts","statementMap":{"0":{"start":{"line":1,"column":20},"end":{"line":6,"column":1}}},"fnMap":{},"branchMap":{},"s":{"0":20},"f":{},"b":{},"_coverageSchema":"1a1c01bbd47fc00a2c39e90264f33305004495a9","hash":"32ad96255c6414c84a9c80534484207dd6c030ee"}
,"/Users/lucadetenafelipe/Desktop/isdi coders/proyecto final/Felipe-LucaDeTena_Front-Final-Project-202201-MAD/src/services/login-register-api.ts": {"path":"/Users/lucadetenafelipe/Desktop/isdi coders/proyecto final/Felipe-LucaDeTena_Front-Final-Project-202201-MAD/src/services/login-register-api.ts","statementMap":{"0":{"start":{"line":4,"column":18},"end":{"line":4,"column":53}},"1":{"start":{"line":6,"column":21},"end":{"line":6,"column":59}},"2":{"start":{"line":9,"column":4},"end":{"line":9,"column":39}},"3":{"start":{"line":13,"column":4},"end":{"line":13,"column":42}}},"fnMap":{"0":{"name":"login","decl":{"start":{"line":8,"column":16},"end":{"line":8,"column":21}},"loc":{"start":{"line":8,"column":40},"end":{"line":10,"column":1}},"line":8},"1":{"name":"register","decl":{"start":{"line":12,"column":16},"end":{"line":12,"column":24}},"loc":{"start":{"line":12,"column":46},"end":{"line":14,"column":1}},"line":12}},"branchMap":{},"s":{"0":3,"1":3,"2":1,"3":0},"f":{"0":1,"1":0},"b":{},"_coverageSchema":"1a1c01bbd47fc00a2c39e90264f33305004495a9","hash":"91bd86b66766f63f30adb833cf162e392eb37a06"}
,"/Users/lucadetenafelipe/Desktop/isdi coders/proyecto final/Felipe-LucaDeTena_Front-Final-Project-202201-MAD/src/services/api/collection-api.ts": {"path":"/Users/lucadetenafelipe/Desktop/isdi coders/proyecto final/Felipe-LucaDeTena_Front-Final-Project-202201-MAD/src/services/api/collection-api.ts","statementMap":{"0":{"start":{"line":4,"column":22},"end":{"line":4,"column":58}},"1":{"start":{"line":6,"column":29},"end":{"line":7,"column":33}},"2":{"start":{"line":7,"column":4},"end":{"line":7,"column":33}},"3":{"start":{"line":9,"column":30},"end":{"line":9,"column":79}},"4":{"start":{"line":9,"column":55},"end":{"line":9,"column":79}},"5":{"start":{"line":11,"column":29},"end":{"line":17,"column":6}},"6":{"start":{"line":15,"column":4},"end":{"line":17,"column":6}},"7":{"start":{"line":18,"column":32},"end":{"line":25,"column":6}},"8":{"start":{"line":23,"column":4},"end":{"line":25,"column":6}},"9":{"start":{"line":26,"column":32},"end":{"line":33,"column":6}},"10":{"start":{"line":31,"column":4},"end":{"line":33,"column":6}}},"fnMap":{"0":{"name":"(anonymous_0)","decl":{"start":{"line":6,"column":29},"end":{"line":6,"column":30}},"loc":{"start":{"line":7,"column":4},"end":{"line":7,"column":33}},"line":7},"1":{"name":"(anonymous_1)","decl":{"start":{"line":9,"column":30},"end":{"line":9,"column":31}},"loc":{"start":{"line":9,"column":55},"end":{"line":9,"column":79}},"line":9},"2":{"name":"(anonymous_2)","decl":{"start":{"line":11,"column":29},"end":{"line":11,"column":30}},"loc":{"start":{"line":15,"column":4},"end":{"line":17,"column":6}},"line":15},"3":{"name":"(anonymous_3)","decl":{"start":{"line":18,"column":32},"end":{"line":18,"column":33}},"loc":{"start":{"line":23,"column":4},"end":{"line":25,"column":6}},"line":23},"4":{"name":"(anonymous_4)","decl":{"start":{"line":26,"column":32},"end":{"line":26,"column":33}},"loc":{"start":{"line":31,"column":4},"end":{"line":33,"column":6}},"line":31}},"branchMap":{},"s":{"0":6,"1":6,"2":2,"3":6,"4":2,"5":6,"6":0,"7":6,"8":0,"9":6,"10":1},"f":{"0":2,"1":2,"2":0,"3":0,"4":1},"b":{},"_coverageSchema":"1a1c01bbd47fc00a2c39e90264f33305004495a9","hash":"0d6c038f4dfa98b00e38b612e5bfd0cb3804c03a"}
,"/Users/lucadetenafelipe/Desktop/isdi coders/proyecto final/Felipe-LucaDeTena_Front-Final-Project-202201-MAD/src/services/api/item-api.ts": {"path":"/Users/lucadetenafelipe/Desktop/isdi coders/proyecto final/Felipe-LucaDeTena_Front-Final-Project-202201-MAD/src/services/api/item-api.ts","statementMap":{"0":{"start":{"line":4,"column":16},"end":{"line":4,"column":45}},"1":{"start":{"line":6,"column":23},"end":{"line":7,"column":27}},"2":{"start":{"line":7,"column":4},"end":{"line":7,"column":27}},"3":{"start":{"line":8,"column":24},"end":{"line":8,"column":67}},"4":{"start":{"line":8,"column":49},"end":{"line":8,"column":67}},"5":{"start":{"line":9,"column":23},"end":{"line":10,"column":29}},"6":{"start":{"line":10,"column":4},"end":{"line":10,"column":29}},"7":{"start":{"line":11,"column":26},"end":{"line":12,"column":40}},"8":{"start":{"line":12,"column":4},"end":{"line":12,"column":40}},"9":{"start":{"line":13,"column":26},"end":{"line":14,"column":35}},"10":{"start":{"line":14,"column":4},"end":{"line":14,"column":35}}},"fnMap":{"0":{"name":"(anonymous_0)","decl":{"start":{"line":6,"column":23},"end":{"line":6,"column":24}},"loc":{"start":{"line":7,"column":4},"end":{"line":7,"column":27}},"line":7},"1":{"name":"(anonymous_1)","decl":{"start":{"line":8,"column":24},"end":{"line":8,"column":25}},"loc":{"start":{"line":8,"column":49},"end":{"line":8,"column":67}},"line":8},"2":{"name":"(anonymous_2)","decl":{"start":{"line":9,"column":23},"end":{"line":9,"column":24}},"loc":{"start":{"line":10,"column":4},"end":{"line":10,"column":29}},"line":10},"3":{"name":"(anonymous_3)","decl":{"start":{"line":11,"column":26},"end":{"line":11,"column":27}},"loc":{"start":{"line":12,"column":4},"end":{"line":12,"column":40}},"line":12},"4":{"name":"(anonymous_4)","decl":{"start":{"line":13,"column":26},"end":{"line":13,"column":27}},"loc":{"start":{"line":14,"column":4},"end":{"line":14,"column":35}},"line":14}},"branchMap":{},"s":{"0":4,"1":4,"2":0,"3":4,"4":4,"5":4,"6":0,"7":4,"8":0,"9":4,"10":0},"f":{"0":0,"1":4,"2":0,"3":0,"4":0},"b":{},"_coverageSchema":"1a1c01bbd47fc00a2c39e90264f33305004495a9","hash":"47fa637a0929f9f9a5daf7b16a12904b97be4017"}
,"/Users/lucadetenafelipe/Desktop/isdi coders/proyecto final/Felipe-LucaDeTena_Front-Final-Project-202201-MAD/src/services/api/user-api.ts": {"path":"/Users/lucadetenafelipe/Desktop/isdi coders/proyecto final/Felipe-LucaDeTena_Front-Final-Project-202201-MAD/src/services/api/user-api.ts","statementMap":{"0":{"start":{"line":3,"column":23},"end":{"line":6,"column":6}},"1":{"start":{"line":4,"column":4},"end":{"line":6,"column":6}},"2":{"start":{"line":8,"column":26},"end":{"line":20,"column":1}},"3":{"start":{"line":12,"column":21},"end":{"line":18,"column":5}},"4":{"start":{"line":19,"column":4},"end":{"line":19,"column":20}},"5":{"start":{"line":22,"column":22},"end":{"line":25,"column":6}},"6":{"start":{"line":23,"column":4},"end":{"line":25,"column":6}},"7":{"start":{"line":27,"column":24},"end":{"line":30,"column":6}},"8":{"start":{"line":28,"column":4},"end":{"line":30,"column":6}}},"fnMap":{"0":{"name":"(anonymous_0)","decl":{"start":{"line":3,"column":23},"end":{"line":3,"column":24}},"loc":{"start":{"line":4,"column":4},"end":{"line":6,"column":6}},"line":4},"1":{"name":"(anonymous_1)","decl":{"start":{"line":8,"column":26},"end":{"line":8,"column":27}},"loc":{"start":{"line":11,"column":29},"end":{"line":20,"column":1}},"line":11},"2":{"name":"(anonymous_2)","decl":{"start":{"line":22,"column":22},"end":{"line":22,"column":23}},"loc":{"start":{"line":23,"column":4},"end":{"line":25,"column":6}},"line":23},"3":{"name":"(anonymous_3)","decl":{"start":{"line":27,"column":24},"end":{"line":27,"column":25}},"loc":{"start":{"line":28,"column":4},"end":{"line":30,"column":6}},"line":28}},"branchMap":{},"s":{"0":8,"1":7,"2":8,"3":0,"4":0,"5":8,"6":0,"7":8,"8":0},"f":{"0":7,"1":0,"2":0,"3":0},"b":{},"_coverageSchema":"1a1c01bbd47fc00a2c39e90264f33305004495a9","hash":"f7781a70aa517e7cccdda9f11fcdeda587785c29"}
}
