TN:
SF:src/components/footer/footer.tsx
FN:12,Footer
FNF:1
FNH:1
FNDA:1,Footer
DA:13,1
LF:1
LH:1
BRF:0
BRH:0
end_of_record
TN:
SF:src/components/login/login.tsx
FN:7,LogIn
FN:15,(anonymous_1)
FN:21,(anonymous_2)
FN:72,(anonymous_3)
FN:82,(anonymous_4)
FNF:5
FNH:5
FNDA:4,LogIn
FNDA:1,(anonymous_1)
FNDA:2,(anonymous_2)
FNDA:1,(anonymous_3)
FNDA:1,(anonymous_4)
DA:8,4
DA:13,4
DA:14,4
DA:15,4
DA:16,1
DA:17,1
DA:18,1
DA:21,4
DA:22,2
DA:25,4
DA:72,1
DA:82,1
LF:12
LH:12
BRF:0
BRH:0
end_of_record
TN:
SF:src/components/main/detail/detail.tsx
FN:15,Detail
FN:16,(anonymous_1)
FN:30,(anonymous_2)
FN:31,(anonymous_3)
FN:36,(anonymous_4)
FN:39,(anonymous_5)
FN:42,(anonymous_6)
FN:68,(anonymous_7)
FN:91,(anonymous_8)
FN:111,(anonymous_9)
FNF:10
FNH:3
FNDA:2,Detail
FNDA:2,(anonymous_1)
FNDA:2,(anonymous_2)
FNDA:0,(anonymous_3)
FNDA:0,(anonymous_4)
FNDA:0,(anonymous_5)
FNDA:0,(anonymous_6)
FNDA:0,(anonymous_7)
FNDA:0,(anonymous_8)
FNDA:0,(anonymous_9)
DA:16,2
DA:17,2
DA:27,2
DA:28,2
DA:30,2
DA:31,2
DA:32,0
DA:36,2
DA:37,0
DA:39,2
DA:40,0
DA:42,2
DA:43,0
DA:48,2
DA:69,0
DA:92,0
DA:112,0
LF:17
LH:10
BRDA:67,0,0,0
BRDA:67,0,1,2
BRF:2
BRH:1
end_of_record
TN:
SF:src/components/main/feed/feed.tsx
FN:12,FeedComponent
FN:16,(anonymous_1)
FN:19,(anonymous_2)
FN:20,(anonymous_3)
FN:38,(anonymous_4)
FN:54,(anonymous_5)
FNF:6
FNH:3
FNDA:2,FeedComponent
FNDA:2,(anonymous_1)
FNDA:2,(anonymous_2)
FNDA:0,(anonymous_3)
FNDA:0,(anonymous_4)
FNDA:0,(anonymous_5)
DA:13,2
DA:15,2
DA:16,2
DA:19,2
DA:20,2
DA:21,0
DA:22,0
DA:26,2
DA:39,0
DA:55,0
LF:10
LH:6
BRF:0
BRH:0
end_of_record
TN:
SF:src/components/main/profile/follower.tsx
FN:13,Followers
FN:14,(anonymous_1)
FN:16,(anonymous_2)
FN:20,(anonymous_3)
FN:24,(anonymous_4)
FN:27,(anonymous_5)
FN:33,(anonymous_6)
FN:41,(anonymous_7)
FN:52,(anonymous_8)
FNF:9
FNH:4
FNDA:1,Followers
FNDA:1,(anonymous_1)
FNDA:1,(anonymous_2)
FNDA:1,(anonymous_3)
FNDA:0,(anonymous_4)
FNDA:0,(anonymous_5)
FNDA:0,(anonymous_6)
FNDA:0,(anonymous_7)
FNDA:0,(anonymous_8)
DA:14,1
DA:15,1
DA:16,1
DA:18,1
DA:20,1
DA:21,1
DA:24,1
DA:25,0
DA:27,1
DA:28,0
DA:30,1
DA:33,0
DA:42,0
DA:52,0
LF:14
LH:9
BRDA:51,0,0,0
BRDA:51,0,1,0
BRF:2
BRH:0
end_of_record
TN:
SF:src/components/main/profile/following.tsx
FN:13,Following
FN:15,(anonymous_1)
FN:17,(anonymous_2)
FN:20,(anonymous_3)
FN:24,(anonymous_4)
FN:27,(anonymous_5)
FN:34,(anonymous_6)
FN:42,(anonymous_7)
FN:56,(anonymous_8)
FNF:9
FNH:4
FNDA:1,Following
FNDA:1,(anonymous_1)
FNDA:1,(anonymous_2)
FNDA:1,(anonymous_3)
FNDA:0,(anonymous_4)
FNDA:0,(anonymous_5)
FNDA:0,(anonymous_6)
FNDA:0,(anonymous_7)
FNDA:0,(anonymous_8)
DA:14,1
DA:15,1
DA:16,1
DA:17,1
DA:20,1
DA:21,1
DA:24,1
DA:25,0
DA:27,1
DA:28,0
DA:31,1
DA:34,0
DA:43,0
DA:56,0
LF:14
LH:9
BRDA:55,0,0,0
BRDA:55,0,1,0
BRF:2
BRH:0
end_of_record
TN:
SF:src/components/main/profile/form.tsx
FN:11,Form
FN:17,(anonymous_1)
FN:19,(anonymous_2)
FN:25,(anonymous_3)
FN:29,(anonymous_4)
FN:31,(anonymous_5)
FN:35,(anonymous_6)
FN:43,(anonymous_7)
FN:47,(anonymous_8)
FN:51,(anonymous_9)
FN:53,(anonymous_10)
FN:57,(anonymous_11)
FN:65,(anonymous_12)
FN:77,(anonymous_13)
FNF:14
FNH:2
FNDA:1,Form
FNDA:1,(anonymous_1)
FNDA:0,(anonymous_2)
FNDA:0,(anonymous_3)
FNDA:0,(anonymous_4)
FNDA:0,(anonymous_5)
FNDA:0,(anonymous_6)
FNDA:0,(anonymous_7)
FNDA:0,(anonymous_8)
FNDA:0,(anonymous_9)
FNDA:0,(anonymous_10)
FNDA:0,(anonymous_11)
FNDA:0,(anonymous_12)
FNDA:0,(anonymous_13)
DA:12,1
DA:14,1
DA:16,1
DA:17,1
DA:19,1
DA:20,0
DA:21,0
DA:25,1
DA:26,0
DA:27,0
DA:28,0
DA:30,0
DA:32,0
DA:33,0
DA:36,0
DA:41,0
DA:44,0
DA:47,1
DA:48,0
DA:49,0
DA:50,0
DA:52,0
DA:54,0
DA:55,0
DA:58,0
DA:63,0
DA:66,0
DA:70,1
DA:77,0
LF:29
LH:8
BRDA:20,0,0,0
BRDA:20,0,1,0
BRF:2
BRH:0
end_of_record
TN:
SF:src/components/main/profile/header.tsx
FN:11,Header
FN:13,(anonymous_1)
FN:14,(anonymous_2)
FN:16,(anonymous_3)
FN:39,(anonymous_4)
FN:61,(anonymous_5)
FN:73,(anonymous_6)
FN:87,(anonymous_7)
FN:88,(anonymous_8)
FNF:9
FNH:4
FNDA:2,Header
FNDA:2,(anonymous_1)
FNDA:2,(anonymous_2)
FNDA:2,(anonymous_3)
FNDA:0,(anonymous_4)
FNDA:0,(anonymous_5)
FNDA:0,(anonymous_6)
FNDA:0,(anonymous_7)
FNDA:0,(anonymous_8)
DA:12,2
DA:13,2
DA:14,2
DA:16,2
DA:17,2
DA:20,2
DA:39,0
DA:61,0
DA:73,0
DA:87,0
DA:89,0
LF:11
LH:6
BRF:0
BRH:0
end_of_record
TN:
SF:src/components/main/profile/main.tsx
FN:12,Main
FN:14,(anonymous_1)
FN:16,(anonymous_2)
FN:21,(anonymous_3)
FN:38,(anonymous_4)
FNF:5
FNH:5
FNDA:4,Main
FNDA:3,(anonymous_1)
FNDA:3,(anonymous_2)
FNDA:1,(anonymous_3)
FNDA:2,(anonymous_4)
DA:13,4
DA:14,3
DA:16,3
DA:17,3
DA:18,3
DA:21,3
DA:22,1
DA:23,1
DA:25,1
DA:28,3
DA:39,2
LF:11
LH:11
BRF:0
BRH:0
end_of_record
TN:
SF:src/components/main/shop/shop.tsx
FN:11,ShopComponent
FN:13,(anonymous_1)
FN:15,(anonymous_2)
FN:16,(anonymous_3)
FN:33,(anonymous_4)
FNF:5
FNH:3
FNDA:2,ShopComponent
FNDA:2,(anonymous_1)
FNDA:2,(anonymous_2)
FNDA:0,(anonymous_3)
FNDA:0,(anonymous_4)
DA:12,2
DA:13,2
DA:15,2
DA:16,2
DA:17,0
DA:21,2
DA:34,0
LF:7
LH:5
BRF:0
BRH:0
end_of_record
TN:
SF:src/components/nav-bar/nav-bar.tsx
FN:7,NavBar
FN:8,(anonymous_1)
FNF:2
FNH:2
FNDA:6,NavBar
FNDA:6,(anonymous_1)
DA:8,6
DA:10,6
LF:2
LH:2
BRDA:32,0,0,0
BRDA:32,0,1,6
BRF:2
BRH:1
end_of_record
TN:
SF:src/components/popUp/popUp.tsx
FN:5,Popup
FNF:1
FNH:1
FNDA:5,Popup
DA:6,5
LF:1
LH:1
BRDA:6,0,0,1
BRDA:6,0,1,4
BRF:2
BRH:2
end_of_record
TN:
SF:src/components/register/register.tsx
FN:10,SignUp
FN:11,(anonymous_1)
FN:14,(anonymous_2)
FN:15,(anonymous_3)
FN:28,(anonymous_4)
FN:34,(anonymous_5)
FN:86,(anonymous_6)
FN:97,(anonymous_7)
FN:107,(anonymous_8)
FN:117,(anonymous_9)
FN:129,(anonymous_10)
FNF:11
FNH:7
FNDA:5,SignUp
FNDA:5,(anonymous_1)
FNDA:2,(anonymous_2)
FNDA:0,(anonymous_3)
FNDA:0,(anonymous_4)
FNDA:3,(anonymous_5)
FNDA:0,(anonymous_6)
FNDA:1,(anonymous_7)
FNDA:1,(anonymous_8)
FNDA:1,(anonymous_9)
FNDA:0,(anonymous_10)
DA:11,5
DA:12,5
DA:14,5
DA:15,2
DA:16,0
DA:20,5
DA:26,5
DA:28,5
DA:29,0
DA:30,0
DA:31,0
DA:34,5
DA:35,3
DA:38,5
DA:86,0
DA:97,1
DA:107,1
DA:117,1
DA:131,0
LF:19
LH:13
BRF:0
BRH:0
end_of_record
TN:
SF:src/firebase/connection.ts
FNF:0
FNH:0
DA:9,2
DA:20,2
DA:21,2
LF:3
LH:3
BRF:0
BRH:0
end_of_record
TN:
SF:src/interfaces/collection-i.ts
FNF:0
FNH:0
LF:0
LH:0
BRF:0
BRH:0
end_of_record
TN:
SF:src/interfaces/item-i.ts
FNF:0
FNH:0
LF:0
LH:0
BRF:0
BRH:0
end_of_record
TN:
SF:src/interfaces/user-i.ts
FNF:0
FNH:0
LF:0
LH:0
BRF:0
BRH:0
end_of_record
TN:
SF:src/pages/detailPage/detailPage.tsx
FN:6,DetailPage
FNF:1
FNH:1
FNDA:1,DetailPage
DA:7,1
LF:1
LH:1
BRF:0
BRH:0
end_of_record
TN:
SF:src/pages/feedPage/feedPage.tsx
FN:6,Feed
FNF:1
FNH:1
FNDA:1,Feed
DA:7,1
LF:1
LH:1
BRF:0
BRH:0
end_of_record
TN:
SF:src/pages/profilePage/profilePage.tsx
FN:10,Profile
FNF:1
FNH:1
FNDA:1,Profile
DA:11,1
DA:12,1
DA:13,1
DA:15,1
LF:4
LH:4
BRF:0
BRH:0
end_of_record
TN:
SF:src/pages/registerPage/registerPage.tsx
FN:4,Register
FNF:1
FNH:1
FNDA:1,Register
DA:5,1
LF:1
LH:1
BRF:0
BRH:0
end_of_record
TN:
SF:src/pages/shopPage/shopPage.tsx
FN:6,Shop
FNF:1
FNH:1
FNDA:1,Shop
DA:7,1
LF:1
LH:1
BRF:0
BRH:0
end_of_record
TN:
SF:src/redux/hooks.ts
FN:5,(anonymous_0)
FNF:1
FNH:1
FNDA:21,(anonymous_0)
DA:5,21
DA:6,16
LF:2
LH:2
BRF:0
BRH:0
end_of_record
TN:
SF:src/redux/test.utils.js
FN:13,render
FN:29,Wrapper
FNF:2
FNH:2
FNDA:20,render
FNDA:20,Wrapper
DA:30,20
DA:32,20
LF:2
LH:2
BRDA:15,0,0,18
BRDA:17,1,0,20
BRF:2
BRH:2
end_of_record
TN:
SF:src/redux/collection/action-creators.ts
FN:5,loadCollections
FN:6,(anonymous_1)
FN:7,(anonymous_2)
FN:15,loadCollection
FN:16,(anonymous_4)
FN:17,(anonymous_5)
FN:25,addCollection
FN:26,(anonymous_7)
FN:27,(anonymous_8)
FN:36,removeCollection
FN:37,(anonymous_10)
FN:38,(anonymous_11)
FN:46,toggleCollection
FN:47,(anonymous_13)
FN:48,(anonymous_14)
FNF:15
FNH:8
FNDA:1,loadCollections
FNDA:1,(anonymous_1)
FNDA:1,(anonymous_2)
FNDA:0,loadCollection
FNDA:0,(anonymous_4)
FNDA:0,(anonymous_5)
FNDA:0,addCollection
FNDA:0,(anonymous_7)
FNDA:0,(anonymous_8)
FNDA:1,removeCollection
FNDA:1,(anonymous_10)
FNDA:0,(anonymous_11)
FNDA:1,toggleCollection
FNDA:1,(anonymous_13)
FNDA:1,(anonymous_14)
DA:6,1
DA:7,1
DA:8,1
DA:16,0
DA:17,0
DA:18,0
DA:26,0
DA:27,0
DA:28,0
DA:37,1
DA:38,1
DA:39,0
DA:47,1
DA:48,1
DA:49,1
LF:15
LH:8
BRF:0
BRH:0
end_of_record
TN:
SF:src/redux/collection/action-types.ts
FNF:0
FNH:0
DA:1,21
LF:1
LH:1
BRF:0
BRH:0
end_of_record
TN:
SF:src/redux/collection/collection-reducer.ts
FN:15,collectionsReducer
FN:31,(anonymous_1)
FNF:2
FNH:1
FNDA:65,collectionsReducer
FNDA:0,(anonymous_1)
DA:11,19
DA:19,65
DA:21,1
DA:23,1
DA:28,1
DA:31,0
DA:35,1
DA:37,1
DA:40,60
LF:9
LH:8
BRDA:16,0,0,60
BRDA:19,1,0,1
BRDA:19,1,1,1
BRDA:19,1,2,1
BRDA:19,1,3,1
BRDA:19,1,4,1
BRDA:19,1,5,60
BRF:7
BRH:7
end_of_record
TN:
SF:src/redux/item/action-creators.ts
FN:5,loadItems
FN:6,(anonymous_1)
FN:7,(anonymous_2)
FNF:3
FNH:3
FNDA:1,loadItems
FNDA:1,(anonymous_1)
FNDA:1,(anonymous_2)
DA:6,1
DA:7,1
DA:8,1
LF:3
LH:3
BRF:0
BRH:0
end_of_record
TN:
SF:src/redux/item/action-types.ts
FNF:0
FNH:0
DA:1,20
LF:1
LH:1
BRF:0
BRH:0
end_of_record
TN:
SF:src/redux/item/item-reducer.ts
FN:14,itemsReducer
FNF:1
FNH:1
FNDA:61,itemsReducer
DA:10,19
DA:15,61
DA:17,1
DA:19,60
LF:4
LH:4
BRDA:14,0,0,60
BRDA:15,1,0,1
BRDA:15,1,1,60
BRF:3
BRH:3
end_of_record
TN:
SF:src/redux/login-register/action-creators.ts
FN:6,signUp
FN:7,(anonymous_1)
FN:8,(anonymous_2)
FN:17,logIn
FN:18,(anonymous_4)
FN:19,(anonymous_5)
FN:28,logOut
FN:29,(anonymous_7)
FNF:8
FNH:8
FNDA:1,signUp
FNDA:1,(anonymous_1)
FNDA:1,(anonymous_2)
FNDA:2,logIn
FNDA:2,(anonymous_4)
FNDA:1,(anonymous_5)
FNDA:1,logOut
FNDA:1,(anonymous_7)
DA:7,1
DA:8,1
DA:9,1
DA:18,2
DA:19,2
DA:20,1
DA:29,1
DA:30,1
LF:8
LH:8
BRF:0
BRH:0
end_of_record
TN:
SF:src/redux/login-register/action-types.ts
FNF:0
FNH:0
DA:1,20
LF:1
LH:1
BRF:0
BRH:0
end_of_record
TN:
SF:src/redux/login-register/login-register-reducer.ts
FN:38,loginReducer
FN:53,(anonymous_1)
FNF:2
FNH:1
FNDA:64,loginReducer
FNDA:0,(anonymous_1)
DA:23,19
DA:39,64
DA:41,1
DA:42,1
DA:44,1
DA:45,1
DA:47,1
DA:48,1
DA:50,1
DA:53,0
DA:57,0
DA:62,0
DA:68,60
LF:13
LH:10
BRDA:38,0,0,58
BRDA:39,1,0,1
BRDA:39,1,1,1
BRDA:39,1,2,1
BRDA:39,1,3,1
BRDA:39,1,4,0
BRDA:39,1,5,0
BRDA:39,1,6,60
BRF:8
BRH:6
end_of_record
TN:
SF:src/redux/user/action-creators.ts
FN:5,loadUser
FN:6,(anonymous_1)
FN:7,(anonymous_2)
FN:16,updateUser
FN:17,(anonymous_4)
FN:18,(anonymous_5)
FN:26,followUser
FN:27,(anonymous_7)
FN:28,(anonymous_8)
FN:37,unFollowUser
FN:38,(anonymous_10)
FN:39,(anonymous_11)
FNF:12
FNH:12
FNDA:8,loadUser
FNDA:8,(anonymous_1)
FNDA:1,(anonymous_2)
FNDA:1,updateUser
FNDA:1,(anonymous_4)
FNDA:1,(anonymous_5)
FNDA:1,followUser
FNDA:1,(anonymous_7)
FNDA:1,(anonymous_8)
FNDA:1,unFollowUser
FNDA:1,(anonymous_10)
FNDA:1,(anonymous_11)
DA:6,8
DA:7,8
DA:8,1
DA:9,1
DA:17,1
DA:18,1
DA:19,1
DA:27,1
DA:28,1
DA:29,1
DA:30,1
DA:38,1
DA:39,1
DA:40,1
LF:14
LH:14
BRF:0
BRH:0
end_of_record
TN:
SF:src/redux/user/action-types.ts
FNF:0
FNH:0
DA:1,20
LF:1
LH:1
BRF:0
BRH:0
end_of_record
TN:
SF:src/services/login-register-api.ts
FN:8,login
FN:12,register
FNF:2
FNH:1
FNDA:1,login
FNDA:0,register
DA:4,3
DA:6,3
DA:9,1
DA:13,0
LF:4
LH:3
BRF:0
BRH:0
end_of_record
TN:
SF:src/services/api/collection-api.ts
FN:6,(anonymous_0)
FN:9,(anonymous_1)
FN:11,(anonymous_2)
FN:18,(anonymous_3)
FN:26,(anonymous_4)
FNF:5
FNH:3
FNDA:2,(anonymous_0)
FNDA:2,(anonymous_1)
FNDA:0,(anonymous_2)
FNDA:0,(anonymous_3)
FNDA:1,(anonymous_4)
DA:4,6
DA:6,6
DA:7,2
DA:9,6
DA:11,6
DA:15,0
DA:18,6
DA:23,0
DA:26,6
DA:31,1
LF:10
LH:8
BRF:0
BRH:0
end_of_record
TN:
SF:src/services/api/item-api.ts
FN:6,(anonymous_0)
FN:8,(anonymous_1)
FN:9,(anonymous_2)
FN:11,(anonymous_3)
FN:13,(anonymous_4)
FNF:5
FNH:1
FNDA:0,(anonymous_0)
FNDA:4,(anonymous_1)
FNDA:0,(anonymous_2)
FNDA:0,(anonymous_3)
FNDA:0,(anonymous_4)
DA:4,4
DA:6,4
DA:7,0
DA:8,4
DA:9,4
DA:10,0
DA:11,4
DA:12,0
DA:13,4
DA:14,0
LF:10
LH:6
BRF:0
BRH:0
end_of_record
TN:
SF:src/services/api/user-api.ts
FN:3,(anonymous_0)
FN:8,(anonymous_1)
FN:22,(anonymous_2)
FN:27,(anonymous_3)
FNF:4
FNH:1
FNDA:7,(anonymous_0)
FNDA:0,(anonymous_1)
FNDA:0,(anonymous_2)
FNDA:0,(anonymous_3)
DA:3,8
DA:4,7
DA:8,8
DA:12,0
DA:19,0
DA:22,8
DA:23,0
DA:27,8
DA:28,0
LF:9
LH:5
BRF:0
BRH:0
end_of_record
